0 verbose cli /usr/bin/node /usr/bin/npm
1 info using npm@10.8.2
2 info using node@v18.20.6
3 silly config load:file:/usr/lib/node_modules/npm/npmrc
4 silly config load:file:/home/iskender.cevik/.cache/typescript/5.7/.npmrc
5 silly config load:file:/home/iskender.cevik/.npmrc
6 silly config load:file:/usr/etc/npmrc
7 verbose title npm install @types/react@ts5.7 @types/react-dom@ts5.7
8 verbose argv "install" "--ignore-scripts" "@types/react@ts5.7" "@types/react-dom@ts5.7" "--save-dev" "--user-agent" "typesInstaller/5.7.2"
9 verbose logfile logs-max:10 dir:/home/iskender.cevik/.npm/_logs/2025-01-30T12_52_40_651Z-
10 verbose logfile /home/iskender.cevik/.npm/_logs/2025-01-30T12_52_40_651Z-debug-0.log
11 silly packumentCache heap:2197815296 maxSize:549453824 maxEntrySize:274726912
12 silly logfile start cleaning logs, removing 1 files
13 silly logfile done cleaning log files
14 silly packumentCache corgi:https://registry.npmjs.org/@types%2freact cache-miss
15 silly packumentCache corgi:https://registry.npmjs.org/@types%2freact-dom cache-miss
16 http fetch GET 200 https://registry.npmjs.org/@types%2freact-dom 218ms (cache miss)
17 silly packumentCache corgi:https://registry.npmjs.org/@types%2freact-dom set size:undefined disposed:false
18 http fetch GET 200 https://registry.npmjs.org/@types%2freact 235ms (cache miss)
19 silly packumentCache corgi:https://registry.npmjs.org/@types%2freact set size:undefined disposed:false
20 silly idealTree buildDeps
21 silly fetch manifest @types/react-dom@19.0.3
22 silly packumentCache full:https://registry.npmjs.org/@types%2freact-dom cache-miss
23 http fetch GET 200 https://registry.npmjs.org/@types%2freact-dom 63ms (cache updated)
24 silly packumentCache full:https://registry.npmjs.org/@types%2freact-dom set size:undefined disposed:false
25 silly fetch manifest @types/react@19.0.8
26 silly packumentCache full:https://registry.npmjs.org/@types%2freact cache-miss
27 http fetch GET 200 https://registry.npmjs.org/@types%2freact 111ms (cache updated)
28 silly packumentCache full:https://registry.npmjs.org/@types%2freact set size:undefined disposed:false
29 silly placeDep ROOT @types/react@19.0.8 OK for:  want: 19.0.8
30 silly placeDep ROOT @types/react-dom@19.0.3 OK for:  want: 19.0.3
31 silly fetch manifest csstype@^3.0.2
32 silly packumentCache full:https://registry.npmjs.org/csstype cache-miss
33 http fetch GET 200 https://registry.npmjs.org/csstype 53ms (cache updated)
34 silly packumentCache full:https://registry.npmjs.org/csstype set size:undefined disposed:false
35 silly placeDep ROOT csstype@3.1.3 OK for: @types/react@19.0.8 want: ^3.0.2
36 silly reify moves {}
37 silly audit bulk request {
37 silly audit   '@types/body-parser': [ '1.19.5' ],
37 silly audit   '@types/connect': [ '3.4.38' ],
37 silly audit   '@types/cors': [ '2.8.17' ],
37 silly audit   '@types/express': [ '5.0.0' ],
37 silly audit   '@types/express-serve-static-core': [ '5.0.6' ],
37 silly audit   '@types/http-errors': [ '2.0.4' ],
37 silly audit   '@types/jsonwebtoken': [ '9.0.8' ],
37 silly audit   '@types/jws': [ '3.2.10' ],
37 silly audit   '@types/lodash': [ '4.17.15' ],
37 silly audit   '@types/lodash.includes': [ '4.3.9' ],
37 silly audit   '@types/lodash.isboolean': [ '3.0.9' ],
37 silly audit   '@types/lodash.isinteger': [ '4.0.9' ],
37 silly audit   '@types/lodash.isnumber': [ '3.0.9' ],
37 silly audit   '@types/lodash.isplainobject': [ '4.0.9' ],
37 silly audit   '@types/lodash.isstring': [ '4.0.9' ],
37 silly audit   '@types/lodash.once': [ '4.1.9' ],
37 silly audit   '@types/merge-descriptors': [ '1.0.3' ],
37 silly audit   '@types/mime': [ '1.3.5' ],
37 silly audit   '@types/ms': [ '2.1.0' ],
37 silly audit   '@types/node': [ '22.12.0' ],
37 silly audit   '@types/object-assign': [ '4.0.33' ],
37 silly audit   '@types/qs': [ '6.9.18' ],
37 silly audit   '@types/range-parser': [ '1.2.7' ],
37 silly audit   '@types/send': [ '0.17.4' ],
37 silly audit   '@types/serve-static': [ '1.15.7' ],
37 silly audit   '@types/vary': [ '1.1.3' ],
37 silly audit   'types-registry': [ '0.1.705' ],
37 silly audit   'undici-types': [ '6.20.0' ],
37 silly audit   '@types/react': [ '19.0.8' ],
37 silly audit   '@types/react-dom': [ '19.0.3' ],
37 silly audit   csstype: [ '3.1.3' ]
37 silly audit }
38 silly tarball no local data for @types/react-dom@https://registry.npmjs.org/@types/react-dom/-/react-dom-19.0.3.tgz. Extracting by manifest.
39 silly tarball no local data for @types/react@https://registry.npmjs.org/@types/react/-/react-19.0.8.tgz. Extracting by manifest.
40 http fetch GET 200 https://registry.npmjs.org/@types/react-dom/-/react-dom-19.0.3.tgz 61ms (cache miss)
41 http fetch POST 200 https://registry.npmjs.org/-/npm/v1/security/advisories/bulk 78ms
42 silly audit report {}
43 http fetch GET 200 https://registry.npmjs.org/@types/react/-/react-19.0.8.tgz 147ms (cache miss)
44 silly ADD node_modules/csstype
45 silly ADD node_modules/@types/react-dom
46 silly ADD node_modules/@types/react
47 verbose cwd /home/iskender.cevik/.cache/typescript/5.7
48 verbose os Linux 6.1.0-29-cloud-amd64
49 verbose node v18.20.6
50 verbose npm  v10.8.2
51 verbose exit 0
52 info ok
