0 verbose cli /usr/bin/node /usr/bin/npm
1 info using npm@10.8.2
2 info using node@v18.20.6
3 silly config load:file:/usr/lib/node_modules/npm/npmrc
4 silly config load:file:/home/iskender.cevik/chatbot-project/frontend/.npmrc
5 silly config load:file:/home/iskender.cevik/.npmrc
6 silly config load:file:/usr/etc/npmrc
7 verbose title npm install tailwindcss postcss autoprefixer
8 verbose argv "install" "--save-dev" "tailwindcss" "postcss" "autoprefixer"
9 verbose logfile logs-max:10 dir:/home/iskender.cevik/.npm/_logs/2025-01-30T12_52_21_249Z-
10 verbose logfile /home/iskender.cevik/.npm/_logs/2025-01-30T12_52_21_249Z-debug-0.log
11 silly packumentCache heap:2197815296 maxSize:549453824 maxEntrySize:274726912
12 silly logfile start cleaning logs, removing 1 files
13 silly logfile done cleaning log files
14 silly idealTree buildDeps
15 silly fetch manifest tailwindcss@*
16 silly packumentCache full:https://registry.npmjs.org/tailwindcss cache-miss
17 http fetch GET 200 https://registry.npmjs.org/tailwindcss 644ms (cache miss)
18 silly packumentCache full:https://registry.npmjs.org/tailwindcss set size:undefined disposed:false
19 silly fetch manifest postcss@*
20 silly packumentCache full:https://registry.npmjs.org/postcss cache-miss
21 http fetch GET 200 https://registry.npmjs.org/postcss 73ms (cache updated)
22 silly packumentCache full:https://registry.npmjs.org/postcss set size:undefined disposed:false
23 silly fetch manifest autoprefixer@*
24 silly packumentCache full:https://registry.npmjs.org/autoprefixer cache-miss
25 http fetch GET 200 https://registry.npmjs.org/autoprefixer 77ms (cache miss)
26 silly packumentCache full:https://registry.npmjs.org/autoprefixer set size:undefined disposed:false
27 silly placeDep ROOT autoprefixer@10.4.20 OK for: frontend@0.0.0 want: *
28 silly placeDep ROOT postcss@8.5.1 REPLACE for: frontend@0.0.0 want: *
29 silly placeDep ROOT tailwindcss@4.0.1 OK for: frontend@0.0.0 want: *
30 silly fetch manifest fraction.js@^4.3.7
31 silly packumentCache full:https://registry.npmjs.org/fraction.js cache-miss
32 http fetch GET 200 https://registry.npmjs.org/fraction.js 40ms (cache miss)
33 silly packumentCache full:https://registry.npmjs.org/fraction.js set size:undefined disposed:false
34 silly fetch manifest normalize-range@^0.1.2
35 silly packumentCache full:https://registry.npmjs.org/normalize-range cache-miss
36 http fetch GET 200 https://registry.npmjs.org/normalize-range 35ms (cache miss)
37 silly packumentCache full:https://registry.npmjs.org/normalize-range set size:undefined disposed:false
38 silly fetch manifest postcss-value-parser@^4.2.0
39 silly packumentCache full:https://registry.npmjs.org/postcss-value-parser cache-miss
40 http fetch GET 200 https://registry.npmjs.org/postcss-value-parser 78ms (cache miss)
41 silly packumentCache full:https://registry.npmjs.org/postcss-value-parser set size:undefined disposed:false
42 silly placeDep ROOT fraction.js@4.3.7 OK for: autoprefixer@10.4.20 want: ^4.3.7
43 silly placeDep ROOT normalize-range@0.1.2 OK for: autoprefixer@10.4.20 want: ^0.1.2
44 silly placeDep ROOT postcss-value-parser@4.2.0 OK for: autoprefixer@10.4.20 want: ^4.2.0
45 silly reify moves {}
46 silly audit bulk request {
46 silly audit   '@ampproject/remapping': [ '2.3.0' ],
46 silly audit   '@babel/code-frame': [ '7.26.2' ],
46 silly audit   '@babel/compat-data': [ '7.26.5' ],
46 silly audit   '@babel/core': [ '7.26.7' ],
46 silly audit   '@babel/generator': [ '7.26.5' ],
46 silly audit   '@babel/helper-compilation-targets': [ '7.26.5' ],
46 silly audit   '@babel/helper-module-imports': [ '7.25.9' ],
46 silly audit   '@babel/helper-module-transforms': [ '7.26.0' ],
46 silly audit   '@babel/helper-plugin-utils': [ '7.26.5' ],
46 silly audit   '@babel/helper-string-parser': [ '7.25.9' ],
46 silly audit   '@babel/helper-validator-identifier': [ '7.25.9' ],
46 silly audit   '@babel/helper-validator-option': [ '7.25.9' ],
46 silly audit   '@babel/helpers': [ '7.26.7' ],
46 silly audit   '@babel/parser': [ '7.26.7' ],
46 silly audit   '@babel/plugin-transform-react-jsx-self': [ '7.25.9' ],
46 silly audit   '@babel/plugin-transform-react-jsx-source': [ '7.25.9' ],
46 silly audit   '@babel/runtime': [ '7.26.7' ],
46 silly audit   '@babel/template': [ '7.25.9' ],
46 silly audit   '@babel/traverse': [ '7.26.7' ],
46 silly audit   globals: [ '11.12.0', '14.0.0', '15.14.0' ],
46 silly audit   '@babel/types': [ '7.26.7' ],
46 silly audit   '@emotion/babel-plugin': [ '11.13.5' ],
46 silly audit   'convert-source-map': [ '1.9.0', '2.0.0' ],
46 silly audit   '@emotion/cache': [ '11.14.0' ],
46 silly audit   '@emotion/hash': [ '0.9.2' ],
46 silly audit   '@emotion/is-prop-valid': [ '1.3.1' ],
46 silly audit   '@emotion/memoize': [ '0.9.0' ],
46 silly audit   '@emotion/react': [ '11.14.0' ],
46 silly audit   '@emotion/serialize': [ '1.3.3' ],
46 silly audit   '@emotion/sheet': [ '1.4.0' ],
46 silly audit   '@emotion/styled': [ '11.14.0' ],
46 silly audit   '@emotion/unitless': [ '0.10.0' ],
46 silly audit   '@emotion/use-insertion-effect-with-fallbacks': [ '1.2.0' ],
46 silly audit   '@emotion/utils': [ '1.4.2' ],
46 silly audit   '@emotion/weak-memoize': [ '0.4.0' ],
46 silly audit   '@esbuild/aix-ppc64': [ '0.24.2' ],
46 silly audit   '@esbuild/android-arm': [ '0.24.2' ],
46 silly audit   '@esbuild/android-arm64': [ '0.24.2' ],
46 silly audit   '@esbuild/android-x64': [ '0.24.2' ],
46 silly audit   '@esbuild/darwin-arm64': [ '0.24.2' ],
46 silly audit   '@esbuild/darwin-x64': [ '0.24.2' ],
46 silly audit   '@esbuild/freebsd-arm64': [ '0.24.2' ],
46 silly audit   '@esbuild/freebsd-x64': [ '0.24.2' ],
46 silly audit   '@esbuild/linux-arm': [ '0.24.2' ],
46 silly audit   '@esbuild/linux-arm64': [ '0.24.2' ],
46 silly audit   '@esbuild/linux-ia32': [ '0.24.2' ],
46 silly audit   '@esbuild/linux-loong64': [ '0.24.2' ],
46 silly audit   '@esbuild/linux-mips64el': [ '0.24.2' ],
46 silly audit   '@esbuild/linux-ppc64': [ '0.24.2' ],
46 silly audit   '@esbuild/linux-riscv64': [ '0.24.2' ],
46 silly audit   '@esbuild/linux-s390x': [ '0.24.2' ],
46 silly audit   '@esbuild/linux-x64': [ '0.24.2' ],
46 silly audit   '@esbuild/netbsd-arm64': [ '0.24.2' ],
46 silly audit   '@esbuild/netbsd-x64': [ '0.24.2' ],
46 silly audit   '@esbuild/openbsd-arm64': [ '0.24.2' ],
46 silly audit   '@esbuild/openbsd-x64': [ '0.24.2' ],
46 silly audit   '@esbuild/sunos-x64': [ '0.24.2' ],
46 silly audit   '@esbuild/win32-arm64': [ '0.24.2' ],
46 silly audit   '@esbuild/win32-ia32': [ '0.24.2' ],
46 silly audit   '@esbuild/win32-x64': [ '0.24.2' ],
46 silly audit   '@eslint-community/eslint-utils': [ '4.4.1' ],
46 silly audit   'eslint-visitor-keys': [ '3.4.3', '4.2.0' ],
46 silly audit   '@eslint-community/regexpp': [ '4.12.1' ],
46 silly audit   '@eslint/config-array': [ '0.19.1' ],
46 silly audit   '@eslint/core': [ '0.10.0' ],
46 silly audit   '@eslint/eslintrc': [ '3.2.0' ],
46 silly audit   '@eslint/js': [ '9.19.0' ],
46 silly audit   '@eslint/object-schema': [ '2.1.5' ],
46 silly audit   '@eslint/plugin-kit': [ '0.2.5' ],
46 silly audit   '@humanfs/core': [ '0.19.1' ],
46 silly audit   '@humanfs/node': [ '0.16.6' ],
46 silly audit   '@humanwhocodes/retry': [ '0.3.1', '0.4.1' ],
46 silly audit   '@humanwhocodes/module-importer': [ '1.0.1' ],
46 silly audit   '@jridgewell/gen-mapping': [ '0.3.8' ],
46 silly audit   '@jridgewell/resolve-uri': [ '3.1.2' ],
46 silly audit   '@jridgewell/set-array': [ '1.2.1' ],
46 silly audit   '@jridgewell/source-map': [ '0.3.6' ],
46 silly audit   '@jridgewell/sourcemap-codec': [ '1.5.0' ],
46 silly audit   '@jridgewell/trace-mapping': [ '0.3.25' ],
46 silly audit   '@mui/core-downloads-tracker': [ '6.4.2' ],
46 silly audit   '@mui/icons-material': [ '6.4.2' ],
46 silly audit   '@mui/material': [ '6.4.2' ],
46 silly audit   '@mui/private-theming': [ '6.4.2' ],
46 silly audit   '@mui/styled-engine': [ '6.4.2' ],
46 silly audit   '@mui/system': [ '6.4.2' ],
46 silly audit   '@mui/types': [ '7.2.21' ],
46 silly audit   '@mui/utils': [ '6.4.2' ],
46 silly audit   '@nodelib/fs.scandir': [ '2.1.5' ],
46 silly audit   '@nodelib/fs.stat': [ '2.0.5' ],
46 silly audit   '@nodelib/fs.walk': [ '1.2.8' ],
46 silly audit   '@popperjs/core': [ '2.11.8' ],
46 silly audit   '@remix-run/router': [ '1.21.1' ],
46 silly audit   '@rollup/rollup-android-arm-eabi': [ '4.32.1' ],
46 silly audit   '@rollup/rollup-android-arm64': [ '4.32.1' ],
46 silly audit   '@rollup/rollup-darwin-arm64': [ '4.32.1' ],
46 silly audit   '@rollup/rollup-darwin-x64': [ '4.32.1' ],
46 silly audit   '@rollup/rollup-freebsd-arm64': [ '4.32.1' ],
46 silly audit   '@rollup/rollup-freebsd-x64': [ '4.32.1' ],
46 silly audit   '@rollup/rollup-linux-arm-gnueabihf': [ '4.32.1' ],
46 silly audit   '@rollup/rollup-linux-arm-musleabihf': [ '4.32.1' ],
46 silly audit   '@rollup/rollup-linux-arm64-gnu': [ '4.32.1' ],
46 silly audit   '@rollup/rollup-linux-arm64-musl': [ '4.32.1' ],
46 silly audit   '@rollup/rollup-linux-loongarch64-gnu': [ '4.32.1' ],
46 silly audit   '@rollup/rollup-linux-powerpc64le-gnu': [ '4.32.1' ],
46 silly audit   '@rollup/rollup-linux-riscv64-gnu': [ '4.32.1' ],
46 silly audit   '@rollup/rollup-linux-s390x-gnu': [ '4.32.1' ],
46 silly audit   '@rollup/rollup-linux-x64-gnu': [ '4.32.1' ],
46 silly audit   '@rollup/rollup-linux-x64-musl': [ '4.32.1' ],
46 silly audit   '@rollup/rollup-win32-arm64-msvc': [ '4.32.1' ],
46 silly audit   '@rollup/rollup-win32-ia32-msvc': [ '4.32.1' ],
46 silly audit   '@rollup/rollup-win32-x64-msvc': [ '4.32.1' ],
46 silly audit   '@types/babel__core': [ '7.20.5' ],
46 silly audit   '@types/babel__generator': [ '7.6.8' ],
46 silly audit   '@types/babel__template': [ '7.4.4' ],
46 silly audit   '@types/babel__traverse': [ '7.20.6' ],
46 silly audit   '@types/estree': [ '1.0.6' ],
46 silly audit   '@types/json-schema': [ '7.0.15' ],
46 silly audit   '@types/node': [ '22.12.0' ],
46 silly audit   '@types/parse-json': [ '4.0.2' ],
46 silly audit   '@types/prop-types': [ '15.7.14' ],
46 silly audit   '@types/react': [ '18.3.18' ],
46 silly audit   '@types/react-dom': [ '18.3.5' ],
46 silly audit   '@types/react-transition-group': [ '4.4.12' ],
46 silly audit   '@typescript-eslint/eslint-plugin': [ '8.22.0' ],
46 silly audit   '@typescript-eslint/parser': [ '8.22.0' ],
46 silly audit   '@typescript-eslint/scope-manager': [ '8.22.0' ],
46 silly audit   '@typescript-eslint/type-utils': [ '8.22.0' ],
46 silly audit   '@typescript-eslint/types': [ '8.22.0' ],
46 silly audit   '@typescript-eslint/typescript-estree': [ '8.22.0' ],
46 silly audit   'brace-expansion': [ '2.0.1', '1.1.11' ],
46 silly audit   minimatch: [ '9.0.5', '3.1.2' ],
46 silly audit   semver: [ '7.6.3', '6.3.1' ],
46 silly audit   '@typescript-eslint/utils': [ '8.22.0' ],
46 silly audit   '@typescript-eslint/visitor-keys': [ '8.22.0' ],
46 silly audit   '@vitejs/plugin-react': [ '4.3.4' ],
46 silly audit   acorn: [ '8.14.0' ],
46 silly audit   'acorn-jsx': [ '5.3.2' ],
46 silly audit   ajv: [ '6.12.6' ],
46 silly audit   'ansi-styles': [ '4.3.0' ],
46 silly audit   argparse: [ '2.0.1' ],
46 silly audit   asynckit: [ '0.4.0' ],
46 silly audit   axios: [ '1.7.9' ],
46 silly audit   'babel-plugin-macros': [ '3.1.0' ],
46 silly audit   'balanced-match': [ '1.0.2' ],
46 silly audit   braces: [ '3.0.3' ],
46 silly audit   browserslist: [ '4.24.4' ],
46 silly audit   'buffer-from': [ '1.1.2' ],
46 silly audit   callsites: [ '3.1.0' ],
46 silly audit   'caniuse-lite': [ '1.0.30001696' ],
46 silly audit   chalk: [ '4.1.2' ],
46 silly audit   clsx: [ '2.1.1' ],
46 silly audit   'color-convert': [ '2.0.1' ],
46 silly audit   'color-name': [ '1.1.4' ],
46 silly audit   'combined-stream': [ '1.0.8' ],
46 silly audit   commander: [ '2.20.3' ],
46 silly audit   'concat-map': [ '0.0.1' ],
46 silly audit   cosmiconfig: [ '7.1.0' ],
46 silly audit   yaml: [ '1.10.2', '2.7.0' ],
46 silly audit   'cross-spawn': [ '7.0.6' ],
46 silly audit   csstype: [ '3.1.3' ],
46 silly audit   debug: [ '4.4.0' ],
46 silly audit   'deep-is': [ '0.1.4' ],
46 silly audit   'delayed-stream': [ '1.0.0' ],
46 silly audit   'dom-helpers': [ '5.2.1' ],
46 silly audit   'electron-to-chromium': [ '1.5.88' ],
46 silly audit   'error-ex': [ '1.3.2' ],
46 silly audit   esbuild: [ '0.24.2' ],
46 silly audit   escalade: [ '3.2.0' ],
46 silly audit   'escape-string-regexp': [ '4.0.0' ],
46 silly audit   eslint: [ '9.19.0' ],
46 silly audit   'eslint-plugin-react-hooks': [ '5.1.0' ],
46 silly audit   'eslint-plugin-react-refresh': [ '0.4.18' ],
46 silly audit   'eslint-scope': [ '8.2.0' ],
46 silly audit   espree: [ '10.3.0' ],
46 silly audit   esquery: [ '1.6.0' ],
46 silly audit   esrecurse: [ '4.3.0' ],
46 silly audit   estraverse: [ '5.3.0' ],
46 silly audit   esutils: [ '2.0.3' ],
46 silly audit   'fast-deep-equal': [ '3.1.3' ],
46 silly audit   'fast-glob': [ '3.3.3' ],
46 silly audit   'glob-parent': [ '5.1.2', '6.0.2' ],
46 silly audit   'fast-json-stable-stringify': [ '2.1.0' ],
46 silly audit   'fast-levenshtein': [ '2.0.6' ],
46 silly audit   fastq: [ '1.18.0' ],
46 silly audit   'file-entry-cache': [ '8.0.0' ],
46 silly audit   'fill-range': [ '7.1.1' ],
46 silly audit   'find-root': [ '1.1.0' ],
46 silly audit   'find-up': [ '5.0.0' ],
46 silly audit   'flat-cache': [ '4.0.1' ],
46 silly audit   flatted: [ '3.3.2' ],
46 silly audit   'follow-redirects': [ '1.15.9' ],
46 silly audit   'form-data': [ '4.0.1' ],
46 silly audit   fsevents: [ '2.3.3' ],
46 silly audit   'function-bind': [ '1.1.2' ],
46 silly audit   gensync: [ '1.0.0-beta.2' ],
46 silly audit   graphemer: [ '1.4.0' ],
46 silly audit   'has-flag': [ '4.0.0' ],
46 silly audit   hasown: [ '2.0.2' ],
46 silly audit   'hoist-non-react-statics': [ '3.3.2' ],
46 silly audit   'react-is': [ '16.13.1', '19.0.0' ],
46 silly audit   ignore: [ '5.3.2' ],
46 silly audit   'import-fresh': [ '3.3.0' ],
46 silly audit   imurmurhash: [ '0.1.4' ],
46 silly audit   'is-arrayish': [ '0.2.1' ],
46 silly audit   'is-core-module': [ '2.16.1' ],
46 silly audit   'is-extglob': [ '2.1.1' ],
46 silly audit   'is-glob': [ '4.0.3' ],
46 silly audit   'is-number': [ '7.0.0' ],
46 silly audit   isexe: [ '2.0.0' ],
46 silly audit   'js-tokens': [ '4.0.0' ],
46 silly audit   'js-yaml': [ '4.1.0' ],
46 silly audit   jsesc: [ '3.1.0' ],
46 silly audit   'json-buffer': [ '3.0.1' ],
46 silly audit   'json-parse-even-better-errors': [ '2.3.1' ],
46 silly audit   'json-schema-traverse': [ '0.4.1' ],
46 silly audit   'json-stable-stringify-without-jsonify': [ '1.0.1' ],
46 silly audit   json5: [ '2.2.3' ],
46 silly audit   keyv: [ '4.5.4' ],
46 silly audit   levn: [ '0.4.1' ],
46 silly audit   'lines-and-columns': [ '1.2.4' ],
46 silly audit   'locate-path': [ '6.0.0' ],
46 silly audit   'lodash.merge': [ '4.6.2' ],
46 silly audit   'loose-envify': [ '1.4.0' ],
46 silly audit   'lru-cache': [ '5.1.1' ],
46 silly audit   merge2: [ '1.4.1' ],
46 silly audit   micromatch: [ '4.0.8' ],
46 silly audit   'mime-db': [ '1.52.0' ],
46 silly audit   'mime-types': [ '2.1.35' ],
46 silly audit   ms: [ '2.1.3' ],
46 silly audit   nanoid: [ '3.3.8' ],
46 silly audit   'natural-compare': [ '1.4.0' ],
46 silly audit   'node-releases': [ '2.0.19' ],
46 silly audit   'object-assign': [ '4.1.1' ],
46 silly audit   optionator: [ '0.9.4' ],
46 silly audit   'p-limit': [ '3.1.0' ],
46 silly audit   'p-locate': [ '5.0.0' ],
46 silly audit   'parent-module': [ '1.0.1' ],
46 silly audit   'parse-json': [ '5.2.0' ],
46 silly audit   'path-exists': [ '4.0.0' ],
46 silly audit   'path-key': [ '3.1.1' ],
46 silly audit   'path-parse': [ '1.0.7' ],
46 silly audit   'path-type': [ '4.0.0' ],
46 silly audit   picocolors: [ '1.1.1' ],
46 silly audit   picomatch: [ '2.3.1' ],
46 silly audit   'prelude-ls': [ '1.2.1' ],
46 silly audit   'prop-types': [ '15.8.1' ],
46 silly audit   'proxy-from-env': [ '1.1.0' ],
46 silly audit   punycode: [ '2.3.1' ],
46 silly audit   'queue-microtask': [ '1.2.3' ],
46 silly audit   react: [ '18.3.1' ],
46 silly audit   'react-dom': [ '18.3.1' ],
46 silly audit   'react-refresh': [ '0.14.2' ],
46 silly audit   'react-router': [ '6.28.2' ],
46 silly audit   'react-router-dom': [ '6.28.2' ],
46 silly audit   'react-transition-group': [ '4.4.5' ],
46 silly audit   'regenerator-runtime': [ '0.14.1' ],
46 silly audit   resolve: [ '1.22.10' ],
46 silly audit   'resolve-from': [ '4.0.0' ],
46 silly audit   reusify: [ '1.0.4' ],
46 silly audit   rollup: [ '4.32.1' ],
46 silly audit   'run-parallel': [ '1.2.0' ],
46 silly audit   scheduler: [ '0.23.2' ],
46 silly audit   'shebang-command': [ '2.0.0' ],
46 silly audit   'shebang-regex': [ '3.0.0' ],
46 silly audit   'source-map': [ '0.5.7', '0.6.1' ],
46 silly audit   'source-map-js': [ '1.2.1' ],
46 silly audit   'source-map-support': [ '0.5.21' ],
46 silly audit   'strip-json-comments': [ '3.1.1' ],
46 silly audit   stylis: [ '4.2.0' ],
46 silly audit   'supports-color': [ '7.2.0' ],
46 silly audit   'supports-preserve-symlinks-flag': [ '1.0.0' ],
46 silly audit   terser: [ '5.37.0' ],
46 silly audit   'to-regex-range': [ '5.0.1' ],
46 silly audit   'ts-api-utils': [ '2.0.0' ],
46 silly audit   'type-check': [ '0.4.0' ],
46 silly audit   typescript: [ '5.6.3' ],
46 silly audit   'typescript-eslint': [ '8.22.0' ],
46 silly audit   'undici-types': [ '6.20.0' ],
46 silly audit   'update-browserslist-db': [ '1.1.2' ],
46 silly audit   'uri-js': [ '4.4.1' ],
46 silly audit   vite: [ '6.0.11' ],
46 silly audit   which: [ '2.0.2' ],
46 silly audit   'word-wrap': [ '1.2.5' ],
46 silly audit   yallist: [ '3.1.1' ],
46 silly audit   'yocto-queue': [ '0.1.0' ],
46 silly audit   autoprefixer: [ '10.4.20' ],
46 silly audit   postcss: [ '8.5.1' ],
46 silly audit   tailwindcss: [ '4.0.1' ],
46 silly audit   'fraction.js': [ '4.3.7' ],
46 silly audit   'normalize-range': [ '0.1.2' ],
46 silly audit   'postcss-value-parser': [ '4.2.0' ]
46 silly audit }
47 verbose reify failed optional dependency /home/iskender.cevik/chatbot-project/frontend/node_modules/fsevents
48 silly reify mark deleted [
48 silly reify   '/home/iskender.cevik/chatbot-project/frontend/node_modules/fsevents'
48 silly reify ]
49 verbose reify failed optional dependency /home/iskender.cevik/chatbot-project/frontend/node_modules/@rollup/rollup-win32-x64-msvc
50 silly reify mark deleted [
50 silly reify   '/home/iskender.cevik/chatbot-project/frontend/node_modules/@rollup/rollup-win32-x64-msvc'
50 silly reify ]
51 verbose reify failed optional dependency /home/iskender.cevik/chatbot-project/frontend/node_modules/@rollup/rollup-win32-ia32-msvc
52 silly reify mark deleted [
52 silly reify   '/home/iskender.cevik/chatbot-project/frontend/node_modules/@rollup/rollup-win32-ia32-msvc'
52 silly reify ]
53 verbose reify failed optional dependency /home/iskender.cevik/chatbot-project/frontend/node_modules/@rollup/rollup-win32-arm64-msvc
54 silly reify mark deleted [
54 silly reify   '/home/iskender.cevik/chatbot-project/frontend/node_modules/@rollup/rollup-win32-arm64-msvc'
54 silly reify ]
55 verbose reify failed optional dependency /home/iskender.cevik/chatbot-project/frontend/node_modules/@rollup/rollup-linux-s390x-gnu
56 silly reify mark deleted [
56 silly reify   '/home/iskender.cevik/chatbot-project/frontend/node_modules/@rollup/rollup-linux-s390x-gnu'
56 silly reify ]
57 verbose reify failed optional dependency /home/iskender.cevik/chatbot-project/frontend/node_modules/@rollup/rollup-linux-riscv64-gnu
58 silly reify mark deleted [
58 silly reify   '/home/iskender.cevik/chatbot-project/frontend/node_modules/@rollup/rollup-linux-riscv64-gnu'
58 silly reify ]
59 verbose reify failed optional dependency /home/iskender.cevik/chatbot-project/frontend/node_modules/@rollup/rollup-linux-powerpc64le-gnu
60 silly reify mark deleted [
60 silly reify   '/home/iskender.cevik/chatbot-project/frontend/node_modules/@rollup/rollup-linux-powerpc64le-gnu'
60 silly reify ]
61 verbose reify failed optional dependency /home/iskender.cevik/chatbot-project/frontend/node_modules/@rollup/rollup-linux-loongarch64-gnu
62 silly reify mark deleted [
62 silly reify   '/home/iskender.cevik/chatbot-project/frontend/node_modules/@rollup/rollup-linux-loongarch64-gnu'
62 silly reify ]
63 verbose reify failed optional dependency /home/iskender.cevik/chatbot-project/frontend/node_modules/@rollup/rollup-linux-arm64-musl
64 silly reify mark deleted [
64 silly reify   '/home/iskender.cevik/chatbot-project/frontend/node_modules/@rollup/rollup-linux-arm64-musl'
64 silly reify ]
65 verbose reify failed optional dependency /home/iskender.cevik/chatbot-project/frontend/node_modules/@rollup/rollup-linux-arm64-gnu
66 silly reify mark deleted [
66 silly reify   '/home/iskender.cevik/chatbot-project/frontend/node_modules/@rollup/rollup-linux-arm64-gnu'
66 silly reify ]
67 verbose reify failed optional dependency /home/iskender.cevik/chatbot-project/frontend/node_modules/@rollup/rollup-linux-arm-musleabihf
68 silly reify mark deleted [
68 silly reify   '/home/iskender.cevik/chatbot-project/frontend/node_modules/@rollup/rollup-linux-arm-musleabihf'
68 silly reify ]
69 verbose reify failed optional dependency /home/iskender.cevik/chatbot-project/frontend/node_modules/@rollup/rollup-linux-arm-gnueabihf
70 silly reify mark deleted [
70 silly reify   '/home/iskender.cevik/chatbot-project/frontend/node_modules/@rollup/rollup-linux-arm-gnueabihf'
70 silly reify ]
71 verbose reify failed optional dependency /home/iskender.cevik/chatbot-project/frontend/node_modules/@rollup/rollup-freebsd-x64
72 silly reify mark deleted [
72 silly reify   '/home/iskender.cevik/chatbot-project/frontend/node_modules/@rollup/rollup-freebsd-x64'
72 silly reify ]
73 verbose reify failed optional dependency /home/iskender.cevik/chatbot-project/frontend/node_modules/@rollup/rollup-freebsd-arm64
74 silly reify mark deleted [
74 silly reify   '/home/iskender.cevik/chatbot-project/frontend/node_modules/@rollup/rollup-freebsd-arm64'
74 silly reify ]
75 verbose reify failed optional dependency /home/iskender.cevik/chatbot-project/frontend/node_modules/@rollup/rollup-darwin-x64
76 silly reify mark deleted [
76 silly reify   '/home/iskender.cevik/chatbot-project/frontend/node_modules/@rollup/rollup-darwin-x64'
76 silly reify ]
77 verbose reify failed optional dependency /home/iskender.cevik/chatbot-project/frontend/node_modules/@rollup/rollup-darwin-arm64
78 silly reify mark deleted [
78 silly reify   '/home/iskender.cevik/chatbot-project/frontend/node_modules/@rollup/rollup-darwin-arm64'
78 silly reify ]
79 verbose reify failed optional dependency /home/iskender.cevik/chatbot-project/frontend/node_modules/@rollup/rollup-android-arm64
80 silly reify mark deleted [
80 silly reify   '/home/iskender.cevik/chatbot-project/frontend/node_modules/@rollup/rollup-android-arm64'
80 silly reify ]
81 verbose reify failed optional dependency /home/iskender.cevik/chatbot-project/frontend/node_modules/@rollup/rollup-android-arm-eabi
82 silly reify mark deleted [
82 silly reify   '/home/iskender.cevik/chatbot-project/frontend/node_modules/@rollup/rollup-android-arm-eabi'
82 silly reify ]
83 verbose reify failed optional dependency /home/iskender.cevik/chatbot-project/frontend/node_modules/@esbuild/win32-x64
84 silly reify mark deleted [
84 silly reify   '/home/iskender.cevik/chatbot-project/frontend/node_modules/@esbuild/win32-x64'
84 silly reify ]
85 verbose reify failed optional dependency /home/iskender.cevik/chatbot-project/frontend/node_modules/@esbuild/win32-ia32
86 silly reify mark deleted [
86 silly reify   '/home/iskender.cevik/chatbot-project/frontend/node_modules/@esbuild/win32-ia32'
86 silly reify ]
87 verbose reify failed optional dependency /home/iskender.cevik/chatbot-project/frontend/node_modules/@esbuild/win32-arm64
88 silly reify mark deleted [
88 silly reify   '/home/iskender.cevik/chatbot-project/frontend/node_modules/@esbuild/win32-arm64'
88 silly reify ]
89 verbose reify failed optional dependency /home/iskender.cevik/chatbot-project/frontend/node_modules/@esbuild/sunos-x64
90 silly reify mark deleted [
90 silly reify   '/home/iskender.cevik/chatbot-project/frontend/node_modules/@esbuild/sunos-x64'
90 silly reify ]
91 verbose reify failed optional dependency /home/iskender.cevik/chatbot-project/frontend/node_modules/@esbuild/openbsd-x64
92 silly reify mark deleted [
92 silly reify   '/home/iskender.cevik/chatbot-project/frontend/node_modules/@esbuild/openbsd-x64'
92 silly reify ]
93 verbose reify failed optional dependency /home/iskender.cevik/chatbot-project/frontend/node_modules/@esbuild/openbsd-arm64
94 silly reify mark deleted [
94 silly reify   '/home/iskender.cevik/chatbot-project/frontend/node_modules/@esbuild/openbsd-arm64'
94 silly reify ]
95 verbose reify failed optional dependency /home/iskender.cevik/chatbot-project/frontend/node_modules/@esbuild/netbsd-x64
96 silly reify mark deleted [
96 silly reify   '/home/iskender.cevik/chatbot-project/frontend/node_modules/@esbuild/netbsd-x64'
96 silly reify ]
97 verbose reify failed optional dependency /home/iskender.cevik/chatbot-project/frontend/node_modules/@esbuild/netbsd-arm64
98 silly reify mark deleted [
98 silly reify   '/home/iskender.cevik/chatbot-project/frontend/node_modules/@esbuild/netbsd-arm64'
98 silly reify ]
99 verbose reify failed optional dependency /home/iskender.cevik/chatbot-project/frontend/node_modules/@esbuild/linux-s390x
100 silly reify mark deleted [
100 silly reify   '/home/iskender.cevik/chatbot-project/frontend/node_modules/@esbuild/linux-s390x'
100 silly reify ]
101 verbose reify failed optional dependency /home/iskender.cevik/chatbot-project/frontend/node_modules/@esbuild/linux-riscv64
102 silly reify mark deleted [
102 silly reify   '/home/iskender.cevik/chatbot-project/frontend/node_modules/@esbuild/linux-riscv64'
102 silly reify ]
103 verbose reify failed optional dependency /home/iskender.cevik/chatbot-project/frontend/node_modules/@esbuild/linux-ppc64
104 silly reify mark deleted [
104 silly reify   '/home/iskender.cevik/chatbot-project/frontend/node_modules/@esbuild/linux-ppc64'
104 silly reify ]
105 verbose reify failed optional dependency /home/iskender.cevik/chatbot-project/frontend/node_modules/@esbuild/linux-mips64el
106 silly reify mark deleted [
106 silly reify   '/home/iskender.cevik/chatbot-project/frontend/node_modules/@esbuild/linux-mips64el'
106 silly reify ]
107 verbose reify failed optional dependency /home/iskender.cevik/chatbot-project/frontend/node_modules/@esbuild/linux-loong64
108 silly reify mark deleted [
108 silly reify   '/home/iskender.cevik/chatbot-project/frontend/node_modules/@esbuild/linux-loong64'
108 silly reify ]
109 verbose reify failed optional dependency /home/iskender.cevik/chatbot-project/frontend/node_modules/@esbuild/linux-ia32
110 silly reify mark deleted [
110 silly reify   '/home/iskender.cevik/chatbot-project/frontend/node_modules/@esbuild/linux-ia32'
110 silly reify ]
111 verbose reify failed optional dependency /home/iskender.cevik/chatbot-project/frontend/node_modules/@esbuild/linux-arm64
112 silly reify mark deleted [
112 silly reify   '/home/iskender.cevik/chatbot-project/frontend/node_modules/@esbuild/linux-arm64'
112 silly reify ]
113 verbose reify failed optional dependency /home/iskender.cevik/chatbot-project/frontend/node_modules/@esbuild/linux-arm
114 silly reify mark deleted [
114 silly reify   '/home/iskender.cevik/chatbot-project/frontend/node_modules/@esbuild/linux-arm'
114 silly reify ]
115 verbose reify failed optional dependency /home/iskender.cevik/chatbot-project/frontend/node_modules/@esbuild/freebsd-x64
116 silly reify mark deleted [
116 silly reify   '/home/iskender.cevik/chatbot-project/frontend/node_modules/@esbuild/freebsd-x64'
116 silly reify ]
117 verbose reify failed optional dependency /home/iskender.cevik/chatbot-project/frontend/node_modules/@esbuild/freebsd-arm64
118 silly reify mark deleted [
118 silly reify   '/home/iskender.cevik/chatbot-project/frontend/node_modules/@esbuild/freebsd-arm64'
118 silly reify ]
119 verbose reify failed optional dependency /home/iskender.cevik/chatbot-project/frontend/node_modules/@esbuild/darwin-x64
120 silly reify mark deleted [
120 silly reify   '/home/iskender.cevik/chatbot-project/frontend/node_modules/@esbuild/darwin-x64'
120 silly reify ]
121 verbose reify failed optional dependency /home/iskender.cevik/chatbot-project/frontend/node_modules/@esbuild/darwin-arm64
122 silly reify mark deleted [
122 silly reify   '/home/iskender.cevik/chatbot-project/frontend/node_modules/@esbuild/darwin-arm64'
122 silly reify ]
123 verbose reify failed optional dependency /home/iskender.cevik/chatbot-project/frontend/node_modules/@esbuild/android-x64
124 silly reify mark deleted [
124 silly reify   '/home/iskender.cevik/chatbot-project/frontend/node_modules/@esbuild/android-x64'
124 silly reify ]
125 verbose reify failed optional dependency /home/iskender.cevik/chatbot-project/frontend/node_modules/@esbuild/android-arm64
126 silly reify mark deleted [
126 silly reify   '/home/iskender.cevik/chatbot-project/frontend/node_modules/@esbuild/android-arm64'
126 silly reify ]
127 verbose reify failed optional dependency /home/iskender.cevik/chatbot-project/frontend/node_modules/@esbuild/android-arm
128 silly reify mark deleted [
128 silly reify   '/home/iskender.cevik/chatbot-project/frontend/node_modules/@esbuild/android-arm'
128 silly reify ]
129 verbose reify failed optional dependency /home/iskender.cevik/chatbot-project/frontend/node_modules/@esbuild/aix-ppc64
130 silly reify mark deleted [
130 silly reify   '/home/iskender.cevik/chatbot-project/frontend/node_modules/@esbuild/aix-ppc64'
130 silly reify ]
131 silly tarball no local data for postcss-value-parser@https://registry.npmjs.org/postcss-value-parser/-/postcss-value-parser-4.2.0.tgz. Extracting by manifest.
132 silly tarball no local data for normalize-range@https://registry.npmjs.org/normalize-range/-/normalize-range-0.1.2.tgz. Extracting by manifest.
133 silly tarball no local data for fraction.js@https://registry.npmjs.org/fraction.js/-/fraction.js-4.3.7.tgz. Extracting by manifest.
134 silly tarball no local data for tailwindcss@https://registry.npmjs.org/tailwindcss/-/tailwindcss-4.0.1.tgz. Extracting by manifest.
135 silly tarball no local data for autoprefixer@https://registry.npmjs.org/autoprefixer/-/autoprefixer-10.4.20.tgz. Extracting by manifest.
136 http fetch POST 200 https://registry.npmjs.org/-/npm/v1/security/advisories/bulk 91ms
137 silly audit report {}
138 http fetch GET 200 https://registry.npmjs.org/normalize-range/-/normalize-range-0.1.2.tgz 142ms (cache miss)
139 http fetch GET 200 https://registry.npmjs.org/postcss-value-parser/-/postcss-value-parser-4.2.0.tgz 170ms (cache miss)
140 http fetch GET 200 https://registry.npmjs.org/fraction.js/-/fraction.js-4.3.7.tgz 210ms (cache miss)
141 http fetch GET 200 https://registry.npmjs.org/tailwindcss/-/tailwindcss-4.0.1.tgz 232ms (cache miss)
142 http fetch GET 200 https://registry.npmjs.org/autoprefixer/-/autoprefixer-10.4.20.tgz 238ms (cache miss)
143 silly ADD node_modules/postcss-value-parser
144 silly ADD node_modules/normalize-range
145 silly ADD node_modules/fraction.js
146 silly ADD node_modules/tailwindcss
147 silly ADD node_modules/autoprefixer
148 silly ADD
149 silly ADD
150 silly ADD
151 silly ADD
152 silly ADD
153 silly ADD
154 silly ADD
155 silly ADD
156 silly ADD
157 silly ADD
158 silly ADD
159 silly ADD
160 silly ADD
161 silly ADD
162 silly ADD
163 silly ADD
164 silly ADD
165 silly ADD
166 silly ADD
167 silly ADD
168 silly ADD
169 silly ADD
170 silly ADD
171 silly ADD
172 silly ADD
173 silly ADD
174 silly ADD
175 silly ADD
176 silly ADD
177 silly ADD
178 silly ADD
179 silly ADD
180 silly ADD
181 silly ADD
182 silly ADD
183 silly ADD
184 silly ADD
185 silly ADD
186 silly ADD
187 silly ADD
188 silly ADD
189 silly ADD
190 verbose cwd /home/iskender.cevik/chatbot-project/frontend
191 verbose os Linux 6.1.0-29-cloud-amd64
192 verbose node v18.20.6
193 verbose npm  v10.8.2
194 verbose exit 0
195 info ok
