0 verbose cli /usr/bin/node /usr/lib/node_modules/npm/bin/npm-cli.js
1 info using npm@10.8.2
2 info using node@v18.20.6
3 silly config load:file:/usr/lib/node_modules/npm/npmrc
4 silly config load:file:/home/iskender.cevik/chatbot-project/frontend/.npmrc
5 silly config load:file:/home/iskender.cevik/.npmrc
6 silly config load:file:/usr/etc/npmrc
7 verbose title npm exec tailwindcss init -p
8 verbose argv "exec" "--" "tailwindcss" "init" "-p"
9 verbose logfile logs-max:10 dir:/home/iskender.cevik/.npm/_logs/2025-01-30T12_52_24_640Z-
10 verbose logfile /home/iskender.cevik/.npm/_logs/2025-01-30T12_52_24_640Z-debug-0.log
11 silly logfile start cleaning logs, removing 1 files
12 silly logfile done cleaning log files
13 silly packumentCache heap:2197815296 maxSize:549453824 maxEntrySize:274726912
14 verbose stack Error: could not determine executable to run
14 verbose stack     at getBinFromManifest (/usr/lib/node_modules/npm/node_modules/libnpmexec/lib/get-bin-from-manifest.js:17:23)
14 verbose stack     at exec (/usr/lib/node_modules/npm/node_modules/libnpmexec/lib/index.js:202:15)
14 verbose stack     at async Npm.exec (/usr/lib/node_modules/npm/lib/npm.js:207:9)
14 verbose stack     at async module.exports (/usr/lib/node_modules/npm/lib/cli/entry.js:74:5)
15 verbose pkgid tailwindcss@4.0.1
16 error could not determine executable to run
17 verbose cwd /home/iskender.cevik/chatbot-project/frontend
18 verbose os Linux 6.1.0-29-cloud-amd64
19 verbose node v18.20.6
20 verbose npm  v10.8.2
21 verbose exit 1
22 verbose code 1
23 error A complete log of this run can be found in: /home/iskender.cevik/.npm/_logs/2025-01-30T12_52_24_640Z-debug-0.log
