0 verbose cli /usr/bin/node /usr/bin/npm
1 info using npm@10.8.2
2 info using node@v18.20.6
3 silly config load:file:/usr/lib/node_modules/npm/npmrc
4 silly config load:file:/home/iskender.cevik/.cache/typescript/5.7/.npmrc
5 silly config load:file:/home/iskender.cevik/.npmrc
6 silly config load:file:/usr/etc/npmrc
7 verbose title npm install @types/less@ts5.7 @types/stylus@ts5.7
8 verbose argv "install" "--ignore-scripts" "@types/less@ts5.7" "@types/stylus@ts5.7" "--save-dev" "--user-agent" "typesInstaller/5.7.2"
9 verbose logfile logs-max:10 dir:/home/iskender.cevik/.npm/_logs/2025-01-30T12_52_46_315Z-
10 verbose logfile /home/iskender.cevik/.npm/_logs/2025-01-30T12_52_46_315Z-debug-0.log
11 silly packumentCache heap:2197815296 maxSize:549453824 maxEntrySize:274726912
12 silly logfile start cleaning logs, removing 1 files
13 silly logfile done cleaning log files
14 silly packumentCache corgi:https://registry.npmjs.org/@types%2fless cache-miss
15 silly packumentCache corgi:https://registry.npmjs.org/@types%2fstylus cache-miss
16 http fetch GET 200 https://registry.npmjs.org/@types%2fstylus 254ms (cache miss)
17 silly packumentCache corgi:https://registry.npmjs.org/@types%2fstylus set size:undefined disposed:false
18 http fetch GET 200 https://registry.npmjs.org/@types%2fless 280ms (cache miss)
19 silly packumentCache corgi:https://registry.npmjs.org/@types%2fless set size:undefined disposed:false
20 silly idealTree buildDeps
21 silly fetch manifest @types/stylus@0.48.43
22 silly packumentCache full:https://registry.npmjs.org/@types%2fstylus cache-miss
23 http fetch GET 200 https://registry.npmjs.org/@types%2fstylus 62ms (cache miss)
24 silly packumentCache full:https://registry.npmjs.org/@types%2fstylus set size:undefined disposed:false
25 silly fetch manifest @types/less@3.0.8
26 silly packumentCache full:https://registry.npmjs.org/@types%2fless cache-miss
27 http fetch GET 200 https://registry.npmjs.org/@types%2fless 63ms (cache miss)
28 silly packumentCache full:https://registry.npmjs.org/@types%2fless set size:undefined disposed:false
29 silly placeDep ROOT @types/less@3.0.8 OK for:  want: 3.0.8
30 silly placeDep ROOT @types/stylus@0.48.43 OK for:  want: 0.48.43
31 silly reify moves {}
32 silly audit bulk request {
32 silly audit   '@types/body-parser': [ '1.19.5' ],
32 silly audit   '@types/connect': [ '3.4.38' ],
32 silly audit   '@types/cors': [ '2.8.17' ],
32 silly audit   '@types/express': [ '5.0.0' ],
32 silly audit   '@types/express-serve-static-core': [ '5.0.6' ],
32 silly audit   '@types/http-errors': [ '2.0.4' ],
32 silly audit   '@types/jsonwebtoken': [ '9.0.8' ],
32 silly audit   '@types/jws': [ '3.2.10' ],
32 silly audit   '@types/lodash': [ '4.17.15' ],
32 silly audit   '@types/lodash.includes': [ '4.3.9' ],
32 silly audit   '@types/lodash.isboolean': [ '3.0.9' ],
32 silly audit   '@types/lodash.isinteger': [ '4.0.9' ],
32 silly audit   '@types/lodash.isnumber': [ '3.0.9' ],
32 silly audit   '@types/lodash.isplainobject': [ '4.0.9' ],
32 silly audit   '@types/lodash.isstring': [ '4.0.9' ],
32 silly audit   '@types/lodash.once': [ '4.1.9' ],
32 silly audit   '@types/merge-descriptors': [ '1.0.3' ],
32 silly audit   '@types/mime': [ '1.3.5' ],
32 silly audit   '@types/ms': [ '2.1.0' ],
32 silly audit   '@types/node': [ '22.12.0' ],
32 silly audit   '@types/object-assign': [ '4.0.33' ],
32 silly audit   '@types/qs': [ '6.9.18' ],
32 silly audit   '@types/range-parser': [ '1.2.7' ],
32 silly audit   '@types/react': [ '19.0.8' ],
32 silly audit   '@types/react-dom': [ '19.0.3' ],
32 silly audit   '@types/send': [ '0.17.4' ],
32 silly audit   '@types/serve-static': [ '1.15.7' ],
32 silly audit   '@types/vary': [ '1.1.3' ],
32 silly audit   csstype: [ '3.1.3' ],
32 silly audit   'types-registry': [ '0.1.705' ],
32 silly audit   'undici-types': [ '6.20.0' ],
32 silly audit   '@types/less': [ '3.0.8' ],
32 silly audit   '@types/stylus': [ '0.48.43' ]
32 silly audit }
33 silly tarball no local data for @types/stylus@https://registry.npmjs.org/@types/stylus/-/stylus-0.48.43.tgz. Extracting by manifest.
34 silly tarball no local data for @types/less@https://registry.npmjs.org/@types/less/-/less-3.0.8.tgz. Extracting by manifest.
35 http fetch GET 200 https://registry.npmjs.org/@types/stylus/-/stylus-0.48.43.tgz 101ms (cache miss)
36 http fetch POST 200 https://registry.npmjs.org/-/npm/v1/security/advisories/bulk 112ms
37 silly audit report {}
38 http fetch GET 200 https://registry.npmjs.org/@types/less/-/less-3.0.8.tgz 128ms (cache miss)
39 silly ADD node_modules/@types/stylus
40 silly ADD node_modules/@types/less
41 verbose cwd /home/iskender.cevik/.cache/typescript/5.7
42 verbose os Linux 6.1.0-29-cloud-amd64
43 verbose node v18.20.6
44 verbose npm  v10.8.2
45 verbose exit 0
46 info ok
