0 verbose cli /usr/bin/node /usr/bin/npm
1 info using npm@10.8.2
2 info using node@v18.20.6
3 silly config load:file:/usr/lib/node_modules/npm/npmrc
4 silly config load:file:/home/iskender.cevik/chatbot-project/backend/.npmrc
5 silly config load:file:/home/iskender.cevik/.npmrc
6 silly config load:file:/usr/etc/npmrc
7 verbose title npm install
8 verbose argv "install"
9 verbose logfile logs-max:10 dir:/home/iskender.cevik/.npm/_logs/2025-01-29T15_18_29_313Z-
10 verbose logfile /home/iskender.cevik/.npm/_logs/2025-01-29T15_18_29_313Z-debug-0.log
11 silly packumentCache heap:2197815296 maxSize:549453824 maxEntrySize:274726912
12 silly logfile start cleaning logs, removing 1 files
13 silly logfile done cleaning log files
14 silly idealTree buildDeps
15 silly fetch manifest axios@^1.6.7
16 silly packumentCache full:https://registry.npmjs.org/axios cache-miss
17 http fetch GET 200 https://registry.npmjs.org/axios 224ms (cache updated)
18 silly packumentCache full:https://registry.npmjs.org/axios set size:undefined disposed:false
19 silly fetch manifest helmet@^7.1.0
20 silly packumentCache full:https://registry.npmjs.org/helmet cache-miss
21 http fetch GET 200 https://registry.npmjs.org/helmet 51ms (cache updated)
22 silly packumentCache full:https://registry.npmjs.org/helmet set size:undefined disposed:false
23 silly fetch manifest nodemon@^3.0.3
24 silly packumentCache full:https://registry.npmjs.org/nodemon cache-miss
25 http fetch GET 200 https://registry.npmjs.org/nodemon 67ms (cache miss)
26 silly packumentCache full:https://registry.npmjs.org/nodemon set size:undefined disposed:false
27 silly placeDep ROOT axios@1.7.9 OK for: backend@1.0.0 want: ^1.6.7
28 silly placeDep ROOT helmet@7.2.0 REPLACE for: backend@1.0.0 want: ^7.1.0
29 silly placeDep ROOT nodemon@3.1.9 OK for: backend@1.0.0 want: ^3.0.3
30 silly fetch manifest form-data@^4.0.0
31 silly packumentCache full:https://registry.npmjs.org/form-data cache-miss
32 http fetch GET 200 https://registry.npmjs.org/form-data 48ms (cache updated)
33 silly packumentCache full:https://registry.npmjs.org/form-data set size:undefined disposed:false
34 silly fetch manifest proxy-from-env@^1.1.0
35 silly packumentCache full:https://registry.npmjs.org/proxy-from-env cache-miss
36 http fetch GET 200 https://registry.npmjs.org/proxy-from-env 39ms (cache updated)
37 silly packumentCache full:https://registry.npmjs.org/proxy-from-env set size:undefined disposed:false
38 silly fetch manifest follow-redirects@^1.15.6
39 silly packumentCache full:https://registry.npmjs.org/follow-redirects cache-miss
40 http fetch GET 200 https://registry.npmjs.org/follow-redirects 45ms (cache updated)
41 silly packumentCache full:https://registry.npmjs.org/follow-redirects set size:undefined disposed:false
42 silly fetch manifest chokidar@^3.5.2
43 silly packumentCache full:https://registry.npmjs.org/chokidar cache-miss
44 http fetch GET 200 https://registry.npmjs.org/chokidar 39ms (cache miss)
45 silly packumentCache full:https://registry.npmjs.org/chokidar set size:undefined disposed:false
46 silly fetch manifest debug@^4
47 silly packumentCache full:https://registry.npmjs.org/debug cache-miss
48 http fetch GET 200 https://registry.npmjs.org/debug 50ms (cache updated)
49 silly packumentCache full:https://registry.npmjs.org/debug set size:undefined disposed:false
50 silly fetch manifest ignore-by-default@^1.0.1
51 silly packumentCache full:https://registry.npmjs.org/ignore-by-default cache-miss
52 http fetch GET 200 https://registry.npmjs.org/ignore-by-default 35ms (cache miss)
53 silly packumentCache full:https://registry.npmjs.org/ignore-by-default set size:undefined disposed:false
54 silly fetch manifest minimatch@^3.1.2
55 silly packumentCache full:https://registry.npmjs.org/minimatch cache-miss
56 http fetch GET 200 https://registry.npmjs.org/minimatch 50ms (cache updated)
57 silly packumentCache full:https://registry.npmjs.org/minimatch set size:undefined disposed:false
58 silly fetch manifest pstree.remy@^1.1.8
59 silly packumentCache full:https://registry.npmjs.org/pstree.remy cache-miss
60 http fetch GET 200 https://registry.npmjs.org/pstree.remy 41ms (cache miss)
61 silly packumentCache full:https://registry.npmjs.org/pstree.remy set size:undefined disposed:false
62 silly fetch manifest simple-update-notifier@^2.0.0
63 silly packumentCache full:https://registry.npmjs.org/simple-update-notifier cache-miss
64 http fetch GET 200 https://registry.npmjs.org/simple-update-notifier 51ms (cache miss)
65 silly packumentCache full:https://registry.npmjs.org/simple-update-notifier set size:undefined disposed:false
66 silly fetch manifest supports-color@^5.5.0
67 silly packumentCache full:https://registry.npmjs.org/supports-color cache-miss
68 http fetch GET 200 https://registry.npmjs.org/supports-color 40ms (cache updated)
69 silly packumentCache full:https://registry.npmjs.org/supports-color set size:undefined disposed:false
70 silly fetch manifest touch@^3.1.0
71 silly packumentCache full:https://registry.npmjs.org/touch cache-miss
72 http fetch GET 200 https://registry.npmjs.org/touch 40ms (cache miss)
73 silly packumentCache full:https://registry.npmjs.org/touch set size:undefined disposed:false
74 silly fetch manifest undefsafe@^2.0.5
75 silly packumentCache full:https://registry.npmjs.org/undefsafe cache-miss
76 http fetch GET 200 https://registry.npmjs.org/undefsafe 38ms (cache miss)
77 silly packumentCache full:https://registry.npmjs.org/undefsafe set size:undefined disposed:false
78 silly placeDep ROOT follow-redirects@1.15.9 OK for: axios@1.7.9 want: ^1.15.6
79 silly placeDep ROOT form-data@4.0.1 OK for: axios@1.7.9 want: ^4.0.0
80 silly placeDep ROOT proxy-from-env@1.1.0 OK for: axios@1.7.9 want: ^1.1.0
81 silly fetch manifest asynckit@^0.4.0
82 silly packumentCache full:https://registry.npmjs.org/asynckit cache-miss
83 http fetch GET 200 https://registry.npmjs.org/asynckit 49ms (cache updated)
84 silly packumentCache full:https://registry.npmjs.org/asynckit set size:undefined disposed:false
85 silly fetch manifest combined-stream@^1.0.8
86 silly packumentCache full:https://registry.npmjs.org/combined-stream cache-miss
87 http fetch GET 200 https://registry.npmjs.org/combined-stream 39ms (cache updated)
88 silly packumentCache full:https://registry.npmjs.org/combined-stream set size:undefined disposed:false
89 silly placeDep ROOT asynckit@0.4.0 OK for: form-data@4.0.1 want: ^0.4.0
90 silly placeDep ROOT combined-stream@1.0.8 OK for: form-data@4.0.1 want: ^1.0.8
91 silly fetch manifest delayed-stream@~1.0.0
92 silly packumentCache full:https://registry.npmjs.org/delayed-stream cache-miss
93 http fetch GET 200 https://registry.npmjs.org/delayed-stream 41ms (cache updated)
94 silly packumentCache full:https://registry.npmjs.org/delayed-stream set size:undefined disposed:false
95 silly placeDep ROOT delayed-stream@1.0.0 OK for: combined-stream@1.0.8 want: ~1.0.0
96 silly placeDep ROOT chokidar@3.6.0 OK for: nodemon@3.1.9 want: ^3.5.2
97 silly placeDep node_modules/nodemon debug@4.4.0 OK for: nodemon@3.1.9 want: ^4
98 silly placeDep ROOT ignore-by-default@1.0.1 OK for: nodemon@3.1.9 want: ^1.0.1
99 silly placeDep ROOT minimatch@3.1.2 OK for: nodemon@3.1.9 want: ^3.1.2
100 silly placeDep ROOT pstree.remy@1.1.8 OK for: nodemon@3.1.9 want: ^1.1.8
101 silly placeDep ROOT simple-update-notifier@2.0.0 OK for: nodemon@3.1.9 want: ^2.0.0
102 silly placeDep ROOT supports-color@5.5.0 OK for: nodemon@3.1.9 want: ^5.5.0
103 silly placeDep ROOT touch@3.1.1 OK for: nodemon@3.1.9 want: ^3.1.0
104 silly placeDep ROOT undefsafe@2.0.5 OK for: nodemon@3.1.9 want: ^2.0.5
105 silly fetch manifest braces@~3.0.2
106 silly packumentCache full:https://registry.npmjs.org/braces cache-miss
107 http fetch GET 200 https://registry.npmjs.org/braces 39ms (cache updated)
108 silly packumentCache full:https://registry.npmjs.org/braces set size:undefined disposed:false
109 silly fetch manifest is-glob@~4.0.1
110 silly packumentCache full:https://registry.npmjs.org/is-glob cache-miss
111 http fetch GET 200 https://registry.npmjs.org/is-glob 43ms (cache updated)
112 silly packumentCache full:https://registry.npmjs.org/is-glob set size:undefined disposed:false
113 silly fetch manifest anymatch@~3.1.2
114 silly packumentCache full:https://registry.npmjs.org/anymatch cache-miss
115 http fetch GET 200 https://registry.npmjs.org/anymatch 36ms (cache miss)
116 silly packumentCache full:https://registry.npmjs.org/anymatch set size:undefined disposed:false
117 silly fetch manifest readdirp@~3.6.0
118 silly packumentCache full:https://registry.npmjs.org/readdirp cache-miss
119 http fetch GET 200 https://registry.npmjs.org/readdirp 43ms (cache miss)
120 silly packumentCache full:https://registry.npmjs.org/readdirp set size:undefined disposed:false
121 silly fetch manifest glob-parent@~5.1.2
122 silly packumentCache full:https://registry.npmjs.org/glob-parent cache-miss
123 http fetch GET 200 https://registry.npmjs.org/glob-parent 39ms (cache updated)
124 silly packumentCache full:https://registry.npmjs.org/glob-parent set size:undefined disposed:false
125 silly fetch manifest is-binary-path@~2.1.0
126 silly packumentCache full:https://registry.npmjs.org/is-binary-path cache-miss
127 http fetch GET 200 https://registry.npmjs.org/is-binary-path 43ms (cache miss)
128 silly packumentCache full:https://registry.npmjs.org/is-binary-path set size:undefined disposed:false
129 silly fetch manifest normalize-path@~3.0.0
130 silly packumentCache full:https://registry.npmjs.org/normalize-path cache-miss
131 http fetch GET 200 https://registry.npmjs.org/normalize-path 41ms (cache miss)
132 silly packumentCache full:https://registry.npmjs.org/normalize-path set size:undefined disposed:false
133 silly fetch manifest fsevents@~2.3.2
134 silly packumentCache full:https://registry.npmjs.org/fsevents cache-miss
135 http fetch GET 200 https://registry.npmjs.org/fsevents 41ms (cache updated)
136 silly packumentCache full:https://registry.npmjs.org/fsevents set size:undefined disposed:false
137 silly fetch manifest ms@^2.1.3
138 silly packumentCache full:https://registry.npmjs.org/ms cache-miss
139 http fetch GET 200 https://registry.npmjs.org/ms 40ms (cache updated)
140 silly packumentCache full:https://registry.npmjs.org/ms set size:undefined disposed:false
141 silly fetch manifest brace-expansion@^1.1.7
142 silly packumentCache full:https://registry.npmjs.org/brace-expansion cache-miss
143 http fetch GET 200 https://registry.npmjs.org/brace-expansion 38ms (cache updated)
144 silly packumentCache full:https://registry.npmjs.org/brace-expansion set size:undefined disposed:false
145 silly fetch manifest has-flag@^3.0.0
146 silly packumentCache full:https://registry.npmjs.org/has-flag cache-miss
147 http fetch GET 200 https://registry.npmjs.org/has-flag 36ms (cache updated)
148 silly packumentCache full:https://registry.npmjs.org/has-flag set size:undefined disposed:false
149 silly placeDep ROOT anymatch@3.1.3 OK for: chokidar@3.6.0 want: ~3.1.2
150 silly placeDep ROOT braces@3.0.3 OK for: chokidar@3.6.0 want: ~3.0.2
151 silly placeDep ROOT fsevents@2.3.3 OK for: chokidar@3.6.0 want: ~2.3.2
152 silly placeDep ROOT glob-parent@5.1.2 OK for: chokidar@3.6.0 want: ~5.1.2
153 silly placeDep ROOT is-binary-path@2.1.0 OK for: chokidar@3.6.0 want: ~2.1.0
154 silly placeDep ROOT is-glob@4.0.3 OK for: chokidar@3.6.0 want: ~4.0.1
155 silly placeDep ROOT normalize-path@3.0.0 OK for: chokidar@3.6.0 want: ~3.0.0
156 silly placeDep ROOT readdirp@3.6.0 OK for: chokidar@3.6.0 want: ~3.6.0
157 silly fetch manifest picomatch@^2.0.4
158 silly packumentCache full:https://registry.npmjs.org/picomatch cache-miss
159 http fetch GET 200 https://registry.npmjs.org/picomatch 39ms (cache updated)
160 silly packumentCache full:https://registry.npmjs.org/picomatch set size:undefined disposed:false
161 silly fetch manifest normalize-path@^3.0.0
162 silly packumentCache full:https://registry.npmjs.org/normalize-path cache-miss
163 http fetch GET 200 https://registry.npmjs.org/normalize-path 21ms (cache hit)
164 silly packumentCache full:https://registry.npmjs.org/normalize-path set size:28713 disposed:false
165 silly fetch manifest fill-range@^7.1.1
166 silly packumentCache full:https://registry.npmjs.org/fill-range cache-miss
167 http fetch GET 200 https://registry.npmjs.org/fill-range 40ms (cache updated)
168 silly packumentCache full:https://registry.npmjs.org/fill-range set size:undefined disposed:false
169 silly fetch manifest is-glob@^4.0.1
170 silly packumentCache full:https://registry.npmjs.org/is-glob cache-miss
171 http fetch GET 200 https://registry.npmjs.org/is-glob 6ms (cache hit)
172 silly packumentCache full:https://registry.npmjs.org/is-glob set size:40530 disposed:false
173 silly fetch manifest binary-extensions@^2.0.0
174 silly packumentCache full:https://registry.npmjs.org/binary-extensions cache-miss
175 http fetch GET 200 https://registry.npmjs.org/binary-extensions 32ms (cache miss)
176 silly packumentCache full:https://registry.npmjs.org/binary-extensions set size:undefined disposed:false
177 silly fetch manifest is-extglob@^2.1.1
178 silly packumentCache full:https://registry.npmjs.org/is-extglob cache-miss
179 http fetch GET 200 https://registry.npmjs.org/is-extglob 38ms (cache updated)
180 silly packumentCache full:https://registry.npmjs.org/is-extglob set size:undefined disposed:false
181 silly fetch manifest picomatch@^2.2.1
182 silly packumentCache full:https://registry.npmjs.org/picomatch cache-miss
183 http fetch GET 200 https://registry.npmjs.org/picomatch 5ms (cache hit)
184 silly packumentCache full:https://registry.npmjs.org/picomatch set size:116191 disposed:false
185 silly placeDep ROOT picomatch@2.3.1 OK for: anymatch@3.1.3 want: ^2.0.4
186 silly placeDep ROOT fill-range@7.1.1 OK for: braces@3.0.3 want: ^7.1.1
187 silly fetch manifest to-regex-range@^5.0.1
188 silly packumentCache full:https://registry.npmjs.org/to-regex-range cache-miss
189 http fetch GET 200 https://registry.npmjs.org/to-regex-range 42ms (cache updated)
190 silly packumentCache full:https://registry.npmjs.org/to-regex-range set size:undefined disposed:false
191 silly placeDep ROOT to-regex-range@5.0.1 OK for: fill-range@7.1.1 want: ^5.0.1
192 silly fetch manifest is-number@^7.0.0
193 silly packumentCache full:https://registry.npmjs.org/is-number cache-miss
194 http fetch GET 200 https://registry.npmjs.org/is-number 36ms (cache updated)
195 silly packumentCache full:https://registry.npmjs.org/is-number set size:undefined disposed:false
196 silly placeDep ROOT binary-extensions@2.3.0 OK for: is-binary-path@2.1.0 want: ^2.0.0
197 silly placeDep ROOT is-extglob@2.1.1 OK for: is-glob@4.0.3 want: ^2.1.1
198 silly placeDep ROOT brace-expansion@1.1.11 OK for: minimatch@3.1.2 want: ^1.1.7
199 silly fetch manifest balanced-match@^1.0.0
200 silly packumentCache full:https://registry.npmjs.org/balanced-match cache-miss
201 http fetch GET 200 https://registry.npmjs.org/balanced-match 49ms (cache updated)
202 silly packumentCache full:https://registry.npmjs.org/balanced-match set size:undefined disposed:false
203 silly fetch manifest concat-map@0.0.1
204 silly packumentCache full:https://registry.npmjs.org/concat-map cache-miss
205 http fetch GET 200 https://registry.npmjs.org/concat-map 34ms (cache updated)
206 silly packumentCache full:https://registry.npmjs.org/concat-map set size:undefined disposed:false
207 silly placeDep ROOT balanced-match@1.0.2 OK for: brace-expansion@1.1.11 want: ^1.0.0
208 silly placeDep ROOT concat-map@0.0.1 OK for: brace-expansion@1.1.11 want: 0.0.1
209 silly placeDep ROOT has-flag@3.0.0 OK for: supports-color@5.5.0 want: ^3.0.0
210 silly placeDep ROOT is-number@7.0.0 OK for: to-regex-range@5.0.1 want: ^7.0.0
211 silly placeDep node_modules/nodemon ms@2.1.3 OK for: debug@4.4.0 want: ^2.1.3
212 silly reify mark retired [ '/home/iskender.cevik/chatbot-project/backend/node_modules/helmet' ]
213 silly reify moves {
213 silly reify   '/home/iskender.cevik/chatbot-project/backend/node_modules/helmet': '/home/iskender.cevik/chatbot-project/backend/node_modules/.helmet-Q8t6YYmM'
213 silly reify }
214 silly audit bulk request {
214 silly audit   '@mongodb-js/saslprep': [ '1.1.9' ],
214 silly audit   '@types/webidl-conversions': [ '7.0.3' ],
214 silly audit   '@types/whatwg-url': [ '11.0.5' ],
214 silly audit   accepts: [ '1.3.8' ],
214 silly audit   'agent-base': [ '7.1.3', '6.0.2' ],
214 silly audit   'array-flatten': [ '1.1.1' ],
214 silly audit   'base64-js': [ '1.5.1' ],
214 silly audit   'bignumber.js': [ '9.1.2' ],
214 silly audit   'body-parser': [ '1.20.3' ],
214 silly audit   bson: [ '6.10.1' ],
214 silly audit   'buffer-equal-constant-time': [ '1.0.1' ],
214 silly audit   bytes: [ '3.1.2' ],
214 silly audit   'call-bind-apply-helpers': [ '1.0.1' ],
214 silly audit   'call-bound': [ '1.0.3' ],
214 silly audit   'content-disposition': [ '0.5.4' ],
214 silly audit   'content-type': [ '1.0.5' ],
214 silly audit   cookie: [ '0.7.1' ],
214 silly audit   'cookie-signature': [ '1.0.6' ],
214 silly audit   cors: [ '2.8.5' ],
214 silly audit   debug: [ '2.6.9', '4.4.0' ],
214 silly audit   depd: [ '2.0.0' ],
214 silly audit   destroy: [ '1.2.0' ],
214 silly audit   dotenv: [ '16.4.7' ],
214 silly audit   'dunder-proto': [ '1.0.1' ],
214 silly audit   'ecdsa-sig-formatter': [ '1.0.11' ],
214 silly audit   'ee-first': [ '1.1.1' ],
214 silly audit   encodeurl: [ '2.0.0', '1.0.2' ],
214 silly audit   'es-define-property': [ '1.0.1' ],
214 silly audit   'es-errors': [ '1.3.0' ],
214 silly audit   'es-object-atoms': [ '1.1.1' ],
214 silly audit   'escape-html': [ '1.0.3' ],
214 silly audit   etag: [ '1.8.1' ],
214 silly audit   express: [ '4.21.2' ],
214 silly audit   extend: [ '3.0.2' ],
214 silly audit   finalhandler: [ '1.3.1' ],
214 silly audit   forwarded: [ '0.2.0' ],
214 silly audit   fresh: [ '0.5.2' ],
214 silly audit   'function-bind': [ '1.1.2' ],
214 silly audit   gaxios: [ '6.7.1', '5.1.3' ],
214 silly audit   'gcp-metadata': [ '6.1.0', '5.3.0' ],
214 silly audit   'get-intrinsic': [ '1.2.7' ],
214 silly audit   'get-proto': [ '1.0.1' ],
214 silly audit   'google-auth-library': [ '9.15.1' ],
214 silly audit   gopd: [ '1.2.0' ],
214 silly audit   gtoken: [ '7.1.0' ],
214 silly audit   'has-symbols': [ '1.1.0' ],
214 silly audit   hasown: [ '2.0.2' ],
214 silly audit   'http-errors': [ '2.0.0' ],
214 silly audit   'https-proxy-agent': [ '7.0.6', '5.0.1' ],
214 silly audit   ms: [ '2.1.3', '2.0.0' ],
214 silly audit   'iconv-lite': [ '0.4.24' ],
214 silly audit   inherits: [ '2.0.4' ],
214 silly audit   'ipaddr.js': [ '1.9.1' ],
214 silly audit   'is-stream': [ '2.0.1' ],
214 silly audit   'json-bigint': [ '1.0.0' ],
214 silly audit   jsonwebtoken: [ '9.0.2' ],
214 silly audit   jwa: [ '1.4.1', '2.0.0' ],
214 silly audit   jws: [ '3.2.2', '4.0.0' ],
214 silly audit   kareem: [ '2.6.3' ],
214 silly audit   'lodash.includes': [ '4.3.0' ],
214 silly audit   'lodash.isboolean': [ '3.0.3' ],
214 silly audit   'lodash.isinteger': [ '4.0.4' ],
214 silly audit   'lodash.isnumber': [ '3.0.3' ],
214 silly audit   'lodash.isplainobject': [ '4.0.6' ],
214 silly audit   'lodash.isstring': [ '4.0.1' ],
214 silly audit   'lodash.once': [ '4.1.1' ],
214 silly audit   'math-intrinsics': [ '1.1.0' ],
214 silly audit   'media-typer': [ '0.3.0' ],
214 silly audit   'memory-pager': [ '1.5.0' ],
214 silly audit   'merge-descriptors': [ '1.0.3' ],
214 silly audit   methods: [ '1.1.2' ],
214 silly audit   mime: [ '1.6.0' ],
214 silly audit   'mime-db': [ '1.52.0' ],
214 silly audit   'mime-types': [ '2.1.35' ],
214 silly audit   'mongodb-connection-string-url': [ '3.0.2' ],
214 silly audit   tr46: [ '5.0.0', '0.0.3' ],
214 silly audit   'webidl-conversions': [ '7.0.0', '3.0.1' ],
214 silly audit   'whatwg-url': [ '14.1.0', '5.0.0' ],
214 silly audit   mongoose: [ '8.9.5' ],
214 silly audit   mongodb: [ '6.12.0' ],
214 silly audit   mpath: [ '0.9.0' ],
214 silly audit   mquery: [ '5.0.0' ],
214 silly audit   negotiator: [ '0.6.3' ],
214 silly audit   'node-fetch': [ '2.7.0' ],
214 silly audit   'object-assign': [ '4.1.1' ],
214 silly audit   'object-inspect': [ '1.13.3' ],
214 silly audit   'on-finished': [ '2.4.1' ],
214 silly audit   parseurl: [ '1.3.3' ],
214 silly audit   'path-to-regexp': [ '0.1.12' ],
214 silly audit   'proxy-addr': [ '2.0.7' ],
214 silly audit   punycode: [ '2.3.1' ],
214 silly audit   qs: [ '6.13.0' ],
214 silly audit   'range-parser': [ '1.2.1' ],
214 silly audit   'raw-body': [ '2.5.2' ],
214 silly audit   'safe-buffer': [ '5.2.1' ],
214 silly audit   'safer-buffer': [ '2.1.2' ],
214 silly audit   semver: [ '7.6.3' ],
214 silly audit   send: [ '0.19.0' ],
214 silly audit   'serve-static': [ '1.16.2' ],
214 silly audit   setprototypeof: [ '1.2.0' ],
214 silly audit   'side-channel': [ '1.1.0' ],
214 silly audit   'side-channel-list': [ '1.0.0' ],
214 silly audit   'side-channel-map': [ '1.0.1' ],
214 silly audit   'side-channel-weakmap': [ '1.0.2' ],
214 silly audit   sift: [ '17.1.3' ],
214 silly audit   'sparse-bitfield': [ '3.0.3' ],
214 silly audit   statuses: [ '2.0.1' ],
214 silly audit   toidentifier: [ '1.0.1' ],
214 silly audit   'type-is': [ '1.6.18' ],
214 silly audit   unpipe: [ '1.0.0' ],
214 silly audit   'utils-merge': [ '1.0.1' ],
214 silly audit   uuid: [ '9.0.1' ],
214 silly audit   vary: [ '1.1.2' ],
214 silly audit   axios: [ '1.7.9' ],
214 silly audit   helmet: [ '7.2.0' ],
214 silly audit   nodemon: [ '3.1.9' ],
214 silly audit   'follow-redirects': [ '1.15.9' ],
214 silly audit   'form-data': [ '4.0.1' ],
214 silly audit   'proxy-from-env': [ '1.1.0' ],
214 silly audit   asynckit: [ '0.4.0' ],
214 silly audit   'combined-stream': [ '1.0.8' ],
214 silly audit   'delayed-stream': [ '1.0.0' ],
214 silly audit   chokidar: [ '3.6.0' ],
214 silly audit   'ignore-by-default': [ '1.0.1' ],
214 silly audit   minimatch: [ '3.1.2' ],
214 silly audit   'pstree.remy': [ '1.1.8' ],
214 silly audit   'simple-update-notifier': [ '2.0.0' ],
214 silly audit   'supports-color': [ '5.5.0' ],
214 silly audit   touch: [ '3.1.1' ],
214 silly audit   undefsafe: [ '2.0.5' ],
214 silly audit   anymatch: [ '3.1.3' ],
214 silly audit   braces: [ '3.0.3' ],
214 silly audit   fsevents: [ '2.3.3' ],
214 silly audit   'glob-parent': [ '5.1.2' ],
214 silly audit   'is-binary-path': [ '2.1.0' ],
214 silly audit   'is-glob': [ '4.0.3' ],
214 silly audit   'normalize-path': [ '3.0.0' ],
214 silly audit   readdirp: [ '3.6.0' ],
214 silly audit   picomatch: [ '2.3.1' ],
214 silly audit   'fill-range': [ '7.1.1' ],
214 silly audit   'to-regex-range': [ '5.0.1' ],
214 silly audit   'binary-extensions': [ '2.3.0' ],
214 silly audit   'is-extglob': [ '2.1.1' ],
214 silly audit   'brace-expansion': [ '1.1.11' ],
214 silly audit   'balanced-match': [ '1.0.2' ],
214 silly audit   'concat-map': [ '0.0.1' ],
214 silly audit   'has-flag': [ '3.0.0' ],
214 silly audit   'is-number': [ '7.0.0' ]
214 silly audit }
215 verbose reify failed optional dependency /home/iskender.cevik/chatbot-project/backend/node_modules/fsevents
216 silly reify mark deleted [
216 silly reify   '/home/iskender.cevik/chatbot-project/backend/node_modules/fsevents'
216 silly reify ]
217 silly tarball no local data for has-flag@https://registry.npmjs.org/has-flag/-/has-flag-3.0.0.tgz. Extracting by manifest.
218 silly tarball no local data for binary-extensions@https://registry.npmjs.org/binary-extensions/-/binary-extensions-2.3.0.tgz. Extracting by manifest.
219 silly tarball no local data for readdirp@https://registry.npmjs.org/readdirp/-/readdirp-3.6.0.tgz. Extracting by manifest.
220 silly tarball no local data for normalize-path@https://registry.npmjs.org/normalize-path/-/normalize-path-3.0.0.tgz. Extracting by manifest.
221 silly tarball no local data for is-binary-path@https://registry.npmjs.org/is-binary-path/-/is-binary-path-2.1.0.tgz. Extracting by manifest.
222 silly tarball no local data for anymatch@https://registry.npmjs.org/anymatch/-/anymatch-3.1.3.tgz. Extracting by manifest.
223 silly tarball no local data for undefsafe@https://registry.npmjs.org/undefsafe/-/undefsafe-2.0.5.tgz. Extracting by manifest.
224 silly tarball no local data for touch@https://registry.npmjs.org/touch/-/touch-3.1.1.tgz. Extracting by manifest.
225 silly tarball no local data for supports-color@https://registry.npmjs.org/supports-color/-/supports-color-5.5.0.tgz. Extracting by manifest.
226 silly tarball no local data for simple-update-notifier@https://registry.npmjs.org/simple-update-notifier/-/simple-update-notifier-2.0.0.tgz. Extracting by manifest.
227 silly tarball no local data for pstree.remy@https://registry.npmjs.org/pstree.remy/-/pstree.remy-1.1.8.tgz. Extracting by manifest.
228 silly tarball no local data for ignore-by-default@https://registry.npmjs.org/ignore-by-default/-/ignore-by-default-1.0.1.tgz. Extracting by manifest.
229 silly tarball no local data for chokidar@https://registry.npmjs.org/chokidar/-/chokidar-3.6.0.tgz. Extracting by manifest.
230 silly tarball no local data for nodemon@https://registry.npmjs.org/nodemon/-/nodemon-3.1.9.tgz. Extracting by manifest.
231 silly tarball no local data for helmet@https://registry.npmjs.org/helmet/-/helmet-7.2.0.tgz. Extracting by manifest.
232 http fetch POST 200 https://registry.npmjs.org/-/npm/v1/security/advisories/bulk 154ms
233 silly audit report {}
234 http fetch GET 200 https://registry.npmjs.org/helmet/-/helmet-7.2.0.tgz 361ms (cache miss)
235 http fetch GET 200 https://registry.npmjs.org/supports-color/-/supports-color-5.5.0.tgz 384ms (cache miss)
236 http fetch GET 200 https://registry.npmjs.org/ignore-by-default/-/ignore-by-default-1.0.1.tgz 373ms (cache miss)
237 http fetch GET 200 https://registry.npmjs.org/has-flag/-/has-flag-3.0.0.tgz 399ms (cache miss)
238 http fetch GET 200 https://registry.npmjs.org/is-binary-path/-/is-binary-path-2.1.0.tgz 392ms (cache miss)
239 http fetch GET 200 https://registry.npmjs.org/normalize-path/-/normalize-path-3.0.0.tgz 396ms (cache miss)
240 http fetch GET 200 https://registry.npmjs.org/touch/-/touch-3.1.1.tgz 390ms (cache miss)
241 http fetch GET 200 https://registry.npmjs.org/binary-extensions/-/binary-extensions-2.3.0.tgz 400ms (cache miss)
242 http fetch GET 200 https://registry.npmjs.org/undefsafe/-/undefsafe-2.0.5.tgz 394ms (cache miss)
243 http fetch GET 200 https://registry.npmjs.org/anymatch/-/anymatch-3.1.3.tgz 397ms (cache miss)
244 http fetch GET 200 https://registry.npmjs.org/pstree.remy/-/pstree.remy-1.1.8.tgz 384ms (cache miss)
245 http fetch GET 200 https://registry.npmjs.org/readdirp/-/readdirp-3.6.0.tgz 409ms (cache miss)
246 http fetch GET 200 https://registry.npmjs.org/simple-update-notifier/-/simple-update-notifier-2.0.0.tgz 403ms (cache miss)
247 http fetch GET 200 https://registry.npmjs.org/chokidar/-/chokidar-3.6.0.tgz 399ms (cache miss)
248 http fetch GET 200 https://registry.npmjs.org/nodemon/-/nodemon-3.1.9.tgz 433ms (cache miss)
249 silly ADD node_modules/is-number
250 silly ADD node_modules/has-flag
251 silly ADD node_modules/concat-map
252 silly ADD node_modules/balanced-match
253 silly ADD node_modules/brace-expansion
254 silly ADD node_modules/is-extglob
255 silly ADD node_modules/binary-extensions
256 silly ADD node_modules/to-regex-range
257 silly ADD node_modules/fill-range
258 silly ADD node_modules/picomatch
259 silly ADD node_modules/readdirp
260 silly ADD node_modules/normalize-path
261 silly ADD node_modules/is-glob
262 silly ADD node_modules/is-binary-path
263 silly ADD node_modules/glob-parent
264 silly ADD
265 silly ADD node_modules/braces
266 silly ADD node_modules/anymatch
267 silly ADD node_modules/undefsafe
268 silly ADD node_modules/touch
269 silly ADD node_modules/supports-color
270 silly ADD node_modules/simple-update-notifier
271 silly ADD node_modules/pstree.remy
272 silly ADD node_modules/minimatch
273 silly ADD node_modules/ignore-by-default
274 silly ADD node_modules/chokidar
275 silly ADD node_modules/delayed-stream
276 silly ADD node_modules/combined-stream
277 silly ADD node_modules/asynckit
278 silly ADD node_modules/proxy-from-env
279 silly ADD node_modules/form-data
280 silly ADD node_modules/follow-redirects
281 silly ADD node_modules/nodemon
282 silly ADD node_modules/nodemon/node_modules/ms
283 silly ADD node_modules/nodemon/node_modules/debug
284 silly ADD node_modules/axios
285 silly CHANGE node_modules/helmet
286 verbose cwd /home/iskender.cevik/chatbot-project/backend
287 verbose os Linux 6.1.0-29-cloud-amd64
288 verbose node v18.20.6
289 verbose npm  v10.8.2
290 verbose exit 0
291 info ok
