0 verbose cli /usr/bin/node /usr/bin/npm
1 info using npm@10.8.2
2 info using node@v18.20.6
3 silly config load:file:/usr/lib/node_modules/npm/npmrc
4 silly config load:file:/home/iskender.cevik/chatbot-project/frontend/.npmrc
5 silly config load:file:/home/iskender.cevik/.npmrc
6 silly config load:file:/usr/etc/npmrc
7 verbose title npm install @mui/material @emotion/react @emotion/styled @mui/icons-material axios react-router-dom @react-oauth/google
8 verbose argv "install" "@mui/material" "@emotion/react" "@emotion/styled" "@mui/icons-material" "axios" "react-router-dom" "@react-oauth/google"
9 verbose logfile logs-max:10 dir:/home/iskender.cevik/.npm/_logs/2025-01-29T14_03_17_659Z-
10 verbose logfile /home/iskender.cevik/.npm/_logs/2025-01-29T14_03_17_659Z-debug-0.log
11 silly packumentCache heap:2197815296 maxSize:549453824 maxEntrySize:274726912
12 silly logfile start cleaning logs, removing 1 files
13 silly logfile done cleaning log files
14 silly idealTree buildDeps
15 silly fetch manifest @mui/material@*
16 silly packumentCache full:https://registry.npmjs.org/@mui%2fmaterial cache-miss
17 http fetch GET 200 https://registry.npmjs.org/@mui%2fmaterial 236ms (cache miss)
18 silly packumentCache full:https://registry.npmjs.org/@mui%2fmaterial set size:undefined disposed:false
19 silly fetch manifest @emotion/react@*
20 silly packumentCache full:https://registry.npmjs.org/@emotion%2freact cache-miss
21 http fetch GET 200 https://registry.npmjs.org/@emotion%2freact 56ms (cache miss)
22 silly packumentCache full:https://registry.npmjs.org/@emotion%2freact set size:undefined disposed:false
23 silly fetch manifest react@^18.3.1
24 silly packumentCache full:https://registry.npmjs.org/react cache-miss
25 http fetch GET 200 https://registry.npmjs.org/react 23ms (cache hit)
26 silly packumentCache full:https://registry.npmjs.org/react set size:5383675 disposed:false
27 silly fetch manifest @emotion/styled@*
28 silly packumentCache full:https://registry.npmjs.org/@emotion%2fstyled cache-miss
29 http fetch GET 200 https://registry.npmjs.org/@emotion%2fstyled 66ms (cache miss)
30 silly packumentCache full:https://registry.npmjs.org/@emotion%2fstyled set size:undefined disposed:false
31 silly fetch manifest @mui/material-pigment-css@^6.4.1
32 silly packumentCache full:https://registry.npmjs.org/@mui%2fmaterial-pigment-css cache-miss
33 http fetch GET 200 https://registry.npmjs.org/@mui%2fmaterial-pigment-css 63ms (cache miss)
34 silly packumentCache full:https://registry.npmjs.org/@mui%2fmaterial-pigment-css set size:undefined disposed:false
35 silly fetch manifest @pigment-css/react@^0.0.29
36 silly packumentCache full:https://registry.npmjs.org/@pigment-css%2freact cache-miss
37 http fetch GET 200 https://registry.npmjs.org/@pigment-css%2freact 57ms (cache miss)
38 silly packumentCache full:https://registry.npmjs.org/@pigment-css%2freact set size:undefined disposed:false
39 silly fetch manifest @types/react@^18.3.18
40 silly packumentCache full:https://registry.npmjs.org/@types%2freact cache-miss
41 http fetch GET 200 https://registry.npmjs.org/@types%2freact 10ms (cache hit)
42 silly packumentCache full:https://registry.npmjs.org/@types%2freact set size:2291455 disposed:false
43 silly fetch manifest react-dom@^18.3.1
44 silly packumentCache full:https://registry.npmjs.org/react-dom cache-miss
45 http fetch GET 200 https://registry.npmjs.org/react-dom 22ms (cache hit)
46 silly packumentCache full:https://registry.npmjs.org/react-dom set size:6700819 disposed:false
47 silly fetch manifest @mui/icons-material@*
48 silly packumentCache full:https://registry.npmjs.org/@mui%2ficons-material cache-miss
49 http fetch GET 200 https://registry.npmjs.org/@mui%2ficons-material 69ms (cache miss)
50 silly packumentCache full:https://registry.npmjs.org/@mui%2ficons-material set size:undefined disposed:false
51 silly fetch manifest axios@*
52 silly packumentCache full:https://registry.npmjs.org/axios cache-miss
53 http fetch GET 200 https://registry.npmjs.org/axios 46ms (cache miss)
54 silly packumentCache full:https://registry.npmjs.org/axios set size:undefined disposed:false
55 silly fetch manifest react-router-dom@*
56 silly packumentCache full:https://registry.npmjs.org/react-router-dom cache-miss
57 http fetch GET 200 https://registry.npmjs.org/react-router-dom 57ms (cache miss)
58 silly packumentCache full:https://registry.npmjs.org/react-router-dom set size:undefined disposed:false
59 silly fetch manifest @react-oauth/google@*
60 silly packumentCache full:https://registry.npmjs.org/@react-oauth%2fgoogle cache-miss
61 http fetch GET 200 https://registry.npmjs.org/@react-oauth%2fgoogle 386ms (cache miss)
62 silly packumentCache full:https://registry.npmjs.org/@react-oauth%2fgoogle set size:undefined disposed:false
63 silly placeDep ROOT @emotion/react@11.14.0 OK for: frontend@0.0.0 want: *
64 silly placeDep ROOT @emotion/styled@11.14.0 OK for: frontend@0.0.0 want: *
65 silly placeDep ROOT @mui/icons-material@6.4.1 OK for: frontend@0.0.0 want: *
66 silly placeDep ROOT @mui/material@6.4.1 OK for: @mui/icons-material@6.4.1 want: ^6.4.1
67 silly placeDep ROOT @mui/material@6.4.1 REPLACE for: frontend@0.0.0 want: *
68 silly placeDep ROOT @react-oauth/google@0.12.1 OK for: frontend@0.0.0 want: *
69 silly placeDep ROOT axios@1.7.9 OK for: frontend@0.0.0 want: *
70 silly placeDep ROOT react-router-dom@6.28.2 OK for: frontend@0.0.0 want: *
71 silly fetch manifest @babel/runtime@^7.18.3
72 silly packumentCache full:https://registry.npmjs.org/@babel%2fruntime cache-miss
73 http fetch GET 200 https://registry.npmjs.org/@babel%2fruntime 119ms (cache miss)
74 silly packumentCache full:https://registry.npmjs.org/@babel%2fruntime set size:undefined disposed:false
75 silly fetch manifest @emotion/babel-plugin@^11.13.5
76 silly packumentCache full:https://registry.npmjs.org/@emotion%2fbabel-plugin cache-miss
77 http fetch GET 200 https://registry.npmjs.org/@emotion%2fbabel-plugin 58ms (cache miss)
78 silly packumentCache full:https://registry.npmjs.org/@emotion%2fbabel-plugin set size:undefined disposed:false
79 silly fetch manifest @emotion/cache@^11.14.0
80 silly packumentCache full:https://registry.npmjs.org/@emotion%2fcache cache-miss
81 http fetch GET 200 https://registry.npmjs.org/@emotion%2fcache 55ms (cache miss)
82 silly packumentCache full:https://registry.npmjs.org/@emotion%2fcache set size:undefined disposed:false
83 silly fetch manifest @emotion/serialize@^1.3.3
84 silly packumentCache full:https://registry.npmjs.org/@emotion%2fserialize cache-miss
85 http fetch GET 200 https://registry.npmjs.org/@emotion%2fserialize 61ms (cache miss)
86 silly packumentCache full:https://registry.npmjs.org/@emotion%2fserialize set size:undefined disposed:false
87 silly fetch manifest @emotion/use-insertion-effect-with-fallbacks@^1.2.0
88 silly packumentCache full:https://registry.npmjs.org/@emotion%2fuse-insertion-effect-with-fallbacks cache-miss
89 http fetch GET 200 https://registry.npmjs.org/@emotion%2fuse-insertion-effect-with-fallbacks 51ms (cache miss)
90 silly packumentCache full:https://registry.npmjs.org/@emotion%2fuse-insertion-effect-with-fallbacks set size:undefined disposed:false
91 silly fetch manifest @emotion/utils@^1.4.2
92 silly packumentCache full:https://registry.npmjs.org/@emotion%2futils cache-miss
93 http fetch GET 200 https://registry.npmjs.org/@emotion%2futils 58ms (cache miss)
94 silly packumentCache full:https://registry.npmjs.org/@emotion%2futils set size:undefined disposed:false
95 silly fetch manifest @emotion/weak-memoize@^0.4.0
96 silly packumentCache full:https://registry.npmjs.org/@emotion%2fweak-memoize cache-miss
97 http fetch GET 200 https://registry.npmjs.org/@emotion%2fweak-memoize 57ms (cache miss)
98 silly packumentCache full:https://registry.npmjs.org/@emotion%2fweak-memoize set size:undefined disposed:false
99 silly fetch manifest hoist-non-react-statics@^3.3.1
100 silly packumentCache full:https://registry.npmjs.org/hoist-non-react-statics cache-miss
101 http fetch GET 200 https://registry.npmjs.org/hoist-non-react-statics 35ms (cache miss)
102 silly packumentCache full:https://registry.npmjs.org/hoist-non-react-statics set size:undefined disposed:false
103 silly fetch manifest @emotion/is-prop-valid@^1.3.0
104 silly packumentCache full:https://registry.npmjs.org/@emotion%2fis-prop-valid cache-miss
105 http fetch GET 200 https://registry.npmjs.org/@emotion%2fis-prop-valid 56ms (cache miss)
106 silly packumentCache full:https://registry.npmjs.org/@emotion%2fis-prop-valid set size:undefined disposed:false
107 silly fetch manifest @babel/runtime@^7.26.0
108 silly packumentCache full:https://registry.npmjs.org/@babel%2fruntime cache-miss
109 http fetch GET 200 https://registry.npmjs.org/@babel%2fruntime 11ms (cache hit)
110 silly packumentCache full:https://registry.npmjs.org/@babel%2fruntime set size:2810959 disposed:false
111 silly fetch manifest @popperjs/core@^2.11.8
112 silly packumentCache full:https://registry.npmjs.org/@popperjs%2fcore cache-miss
113 http fetch GET 200 https://registry.npmjs.org/@popperjs%2fcore 60ms (cache miss)
114 silly packumentCache full:https://registry.npmjs.org/@popperjs%2fcore set size:undefined disposed:false
115 silly fetch manifest @types/react-transition-group@^4.4.12
116 silly packumentCache full:https://registry.npmjs.org/@types%2freact-transition-group cache-miss
117 http fetch GET 200 https://registry.npmjs.org/@types%2freact-transition-group 54ms (cache miss)
118 silly packumentCache full:https://registry.npmjs.org/@types%2freact-transition-group set size:undefined disposed:false
119 silly fetch manifest clsx@^2.1.1
120 silly packumentCache full:https://registry.npmjs.org/clsx cache-miss
121 http fetch GET 200 https://registry.npmjs.org/clsx 38ms (cache miss)
122 silly packumentCache full:https://registry.npmjs.org/clsx set size:undefined disposed:false
123 silly fetch manifest prop-types@^15.8.1
124 silly packumentCache full:https://registry.npmjs.org/prop-types cache-miss
125 http fetch GET 200 https://registry.npmjs.org/prop-types 36ms (cache miss)
126 silly packumentCache full:https://registry.npmjs.org/prop-types set size:undefined disposed:false
127 silly fetch manifest react-is@^19.0.0
128 silly packumentCache full:https://registry.npmjs.org/react-is cache-miss
129 http fetch GET 200 https://registry.npmjs.org/react-is 110ms (cache miss)
130 silly packumentCache full:https://registry.npmjs.org/react-is set size:undefined disposed:false
131 silly fetch manifest react-transition-group@^4.4.5
132 silly packumentCache full:https://registry.npmjs.org/react-transition-group cache-miss
133 http fetch GET 200 https://registry.npmjs.org/react-transition-group 42ms (cache miss)
134 silly packumentCache full:https://registry.npmjs.org/react-transition-group set size:undefined disposed:false
135 silly fetch manifest @mui/system@^6.4.1
136 silly packumentCache full:https://registry.npmjs.org/@mui%2fsystem cache-miss
137 http fetch GET 200 https://registry.npmjs.org/@mui%2fsystem 58ms (cache miss)
138 silly packumentCache full:https://registry.npmjs.org/@mui%2fsystem set size:undefined disposed:false
139 silly fetch manifest @mui/types@^7.2.21
140 silly packumentCache full:https://registry.npmjs.org/@mui%2ftypes cache-miss
141 http fetch GET 200 https://registry.npmjs.org/@mui%2ftypes 48ms (cache miss)
142 silly packumentCache full:https://registry.npmjs.org/@mui%2ftypes set size:undefined disposed:false
143 silly fetch manifest @mui/utils@^6.4.1
144 silly packumentCache full:https://registry.npmjs.org/@mui%2futils cache-miss
145 http fetch GET 200 https://registry.npmjs.org/@mui%2futils 60ms (cache miss)
146 silly packumentCache full:https://registry.npmjs.org/@mui%2futils set size:undefined disposed:false
147 silly fetch manifest @mui/core-downloads-tracker@^6.4.1
148 silly packumentCache full:https://registry.npmjs.org/@mui%2fcore-downloads-tracker cache-miss
149 http fetch GET 200 https://registry.npmjs.org/@mui%2fcore-downloads-tracker 56ms (cache miss)
150 silly packumentCache full:https://registry.npmjs.org/@mui%2fcore-downloads-tracker set size:undefined disposed:false
151 silly fetch manifest form-data@^4.0.0
152 silly packumentCache full:https://registry.npmjs.org/form-data cache-miss
153 http fetch GET 200 https://registry.npmjs.org/form-data 37ms (cache miss)
154 silly packumentCache full:https://registry.npmjs.org/form-data set size:undefined disposed:false
155 silly fetch manifest proxy-from-env@^1.1.0
156 silly packumentCache full:https://registry.npmjs.org/proxy-from-env cache-miss
157 http fetch GET 200 https://registry.npmjs.org/proxy-from-env 35ms (cache miss)
158 silly packumentCache full:https://registry.npmjs.org/proxy-from-env set size:undefined disposed:false
159 silly fetch manifest follow-redirects@^1.15.6
160 silly packumentCache full:https://registry.npmjs.org/follow-redirects cache-miss
161 http fetch GET 200 https://registry.npmjs.org/follow-redirects 41ms (cache miss)
162 silly packumentCache full:https://registry.npmjs.org/follow-redirects set size:undefined disposed:false
163 silly fetch manifest react-router@6.28.2
164 silly packumentCache full:https://registry.npmjs.org/react-router cache-miss
165 http fetch GET 200 https://registry.npmjs.org/react-router 69ms (cache miss)
166 silly packumentCache full:https://registry.npmjs.org/react-router set size:undefined disposed:false
167 silly fetch manifest @remix-run/router@1.21.1
168 silly packumentCache full:https://registry.npmjs.org/@remix-run%2frouter cache-miss
169 http fetch GET 200 https://registry.npmjs.org/@remix-run%2frouter 61ms (cache miss)
170 silly packumentCache full:https://registry.npmjs.org/@remix-run%2frouter set size:undefined disposed:false
171 silly fetch manifest react@>=16.8.0
172 silly packumentCache full:https://registry.npmjs.org/react cache-miss
173 http fetch GET 200 https://registry.npmjs.org/react 18ms (cache hit)
174 silly packumentCache full:https://registry.npmjs.org/react set size:5383675 disposed:false
175 silly placeDep ROOT @babel/runtime@7.26.7 OK for: @emotion/react@11.14.0 want: ^7.18.3
176 silly placeDep ROOT @emotion/babel-plugin@11.13.5 OK for: @emotion/react@11.14.0 want: ^11.13.5
177 silly placeDep ROOT @emotion/cache@11.14.0 OK for: @emotion/react@11.14.0 want: ^11.14.0
178 silly placeDep ROOT @emotion/serialize@1.3.3 OK for: @emotion/react@11.14.0 want: ^1.3.3
179 silly placeDep ROOT @emotion/use-insertion-effect-with-fallbacks@1.2.0 OK for: @emotion/react@11.14.0 want: ^1.2.0
180 silly placeDep ROOT @emotion/utils@1.4.2 OK for: @emotion/react@11.14.0 want: ^1.4.2
181 silly placeDep ROOT @emotion/weak-memoize@0.4.0 OK for: @emotion/react@11.14.0 want: ^0.4.0
182 silly placeDep ROOT hoist-non-react-statics@3.3.2 OK for: @emotion/react@11.14.0 want: ^3.3.1
183 silly fetch manifest regenerator-runtime@^0.14.0
184 silly packumentCache full:https://registry.npmjs.org/regenerator-runtime cache-miss
185 http fetch GET 200 https://registry.npmjs.org/regenerator-runtime 35ms (cache miss)
186 silly packumentCache full:https://registry.npmjs.org/regenerator-runtime set size:undefined disposed:false
187 silly fetch manifest @emotion/hash@^0.9.2
188 silly packumentCache full:https://registry.npmjs.org/@emotion%2fhash cache-miss
189 http fetch GET 200 https://registry.npmjs.org/@emotion%2fhash 60ms (cache miss)
190 silly packumentCache full:https://registry.npmjs.org/@emotion%2fhash set size:undefined disposed:false
191 silly fetch manifest @emotion/memoize@^0.9.0
192 silly packumentCache full:https://registry.npmjs.org/@emotion%2fmemoize cache-miss
193 http fetch GET 200 https://registry.npmjs.org/@emotion%2fmemoize 59ms (cache miss)
194 silly packumentCache full:https://registry.npmjs.org/@emotion%2fmemoize set size:undefined disposed:false
195 silly fetch manifest babel-plugin-macros@^3.1.0
196 silly packumentCache full:https://registry.npmjs.org/babel-plugin-macros cache-miss
197 http fetch GET 200 https://registry.npmjs.org/babel-plugin-macros 41ms (cache miss)
198 silly packumentCache full:https://registry.npmjs.org/babel-plugin-macros set size:undefined disposed:false
199 silly fetch manifest convert-source-map@^1.5.0
200 silly packumentCache full:https://registry.npmjs.org/convert-source-map cache-miss
201 http fetch GET 200 https://registry.npmjs.org/convert-source-map 4ms (cache hit)
202 silly packumentCache full:https://registry.npmjs.org/convert-source-map set size:66997 disposed:false
203 silly fetch manifest find-root@^1.1.0
204 silly packumentCache full:https://registry.npmjs.org/find-root cache-miss
205 http fetch GET 200 https://registry.npmjs.org/find-root 35ms (cache miss)
206 silly packumentCache full:https://registry.npmjs.org/find-root set size:undefined disposed:false
207 silly fetch manifest source-map@^0.5.7
208 silly packumentCache full:https://registry.npmjs.org/source-map cache-miss
209 http fetch GET 200 https://registry.npmjs.org/source-map 40ms (cache miss)
210 silly packumentCache full:https://registry.npmjs.org/source-map set size:undefined disposed:false
211 silly fetch manifest stylis@4.2.0
212 silly packumentCache full:https://registry.npmjs.org/stylis cache-miss
213 http fetch GET 200 https://registry.npmjs.org/stylis 40ms (cache miss)
214 silly packumentCache full:https://registry.npmjs.org/stylis set size:undefined disposed:false
215 silly fetch manifest @emotion/sheet@^1.4.0
216 silly packumentCache full:https://registry.npmjs.org/@emotion%2fsheet cache-miss
217 http fetch GET 200 https://registry.npmjs.org/@emotion%2fsheet 73ms (cache miss)
218 silly packumentCache full:https://registry.npmjs.org/@emotion%2fsheet set size:undefined disposed:false
219 silly fetch manifest @emotion/unitless@^0.10.0
220 silly packumentCache full:https://registry.npmjs.org/@emotion%2funitless cache-miss
221 http fetch GET 200 https://registry.npmjs.org/@emotion%2funitless 68ms (cache miss)
222 silly packumentCache full:https://registry.npmjs.org/@emotion%2funitless set size:undefined disposed:false
223 silly fetch manifest react-is@^16.7.0
224 silly packumentCache full:https://registry.npmjs.org/react-is cache-miss
225 http fetch GET 200 https://registry.npmjs.org/react-is 44ms (cache hit)
226 silly packumentCache full:https://registry.npmjs.org/react-is set size:4390452 disposed:false
227 silly placeDep ROOT regenerator-runtime@0.14.1 OK for: @babel/runtime@7.26.7 want: ^0.14.0
228 silly placeDep ROOT @emotion/hash@0.9.2 OK for: @emotion/babel-plugin@11.13.5 want: ^0.9.2
229 silly placeDep ROOT @emotion/memoize@0.9.0 OK for: @emotion/babel-plugin@11.13.5 want: ^0.9.0
230 silly placeDep ROOT babel-plugin-macros@3.1.0 OK for: @emotion/babel-plugin@11.13.5 want: ^3.1.0
231 silly placeDep node_modules/@emotion/babel-plugin convert-source-map@1.9.0 OK for: @emotion/babel-plugin@11.13.5 want: ^1.5.0
232 silly placeDep ROOT find-root@1.1.0 OK for: @emotion/babel-plugin@11.13.5 want: ^1.1.0
233 silly placeDep ROOT source-map@0.5.7 OK for: @emotion/babel-plugin@11.13.5 want: ^0.5.7
234 silly placeDep ROOT stylis@4.2.0 OK for: @emotion/babel-plugin@11.13.5 want: 4.2.0
235 silly fetch manifest cosmiconfig@^7.0.0
236 silly packumentCache full:https://registry.npmjs.org/cosmiconfig cache-miss
237 http fetch GET 200 https://registry.npmjs.org/cosmiconfig 58ms (cache miss)
238 silly packumentCache full:https://registry.npmjs.org/cosmiconfig set size:undefined disposed:false
239 silly fetch manifest resolve@^1.19.0
240 silly packumentCache full:https://registry.npmjs.org/resolve cache-miss
241 http fetch GET 200 https://registry.npmjs.org/resolve 35ms (cache miss)
242 silly packumentCache full:https://registry.npmjs.org/resolve set size:undefined disposed:false
243 silly placeDep ROOT @emotion/sheet@1.4.0 OK for: @emotion/cache@11.14.0 want: ^1.4.0
244 silly placeDep ROOT @emotion/unitless@0.10.0 OK for: @emotion/serialize@1.3.3 want: ^0.10.0
245 silly placeDep ROOT @emotion/is-prop-valid@1.3.1 OK for: @emotion/styled@11.14.0 want: ^1.3.0
246 silly fetch manifest @types/react@^17.0.0 || ^18.0.0 || ^19.0.0
247 silly packumentCache full:https://registry.npmjs.org/@types%2freact cache-miss
248 http fetch GET 200 https://registry.npmjs.org/@types%2freact 9ms (cache hit)
249 silly packumentCache full:https://registry.npmjs.org/@types%2freact set size:2291455 disposed:false
250 silly fetch manifest react@^17.0.0 || ^18.0.0 || ^19.0.0
251 silly packumentCache full:https://registry.npmjs.org/react cache-miss
252 http fetch GET 200 https://registry.npmjs.org/react 26ms (cache hit)
253 silly packumentCache full:https://registry.npmjs.org/react set size:5383675 disposed:false
254 silly fetch manifest react-dom@^17.0.0 || ^18.0.0 || ^19.0.0
255 silly packumentCache full:https://registry.npmjs.org/react-dom cache-miss
256 http fetch GET 200 https://registry.npmjs.org/react-dom 22ms (cache hit)
257 silly packumentCache full:https://registry.npmjs.org/react-dom set size:6700819 disposed:false
258 silly fetch manifest @emotion/react@^11.5.0
259 silly packumentCache full:https://registry.npmjs.org/@emotion%2freact cache-miss
260 http fetch GET 200 https://registry.npmjs.org/@emotion%2freact 47ms (cache hit)
261 silly packumentCache full:https://registry.npmjs.org/@emotion%2freact set size:196548 disposed:false
262 silly fetch manifest @emotion/styled@^11.3.0
263 silly packumentCache full:https://registry.npmjs.org/@emotion%2fstyled cache-miss
264 http fetch GET 200 https://registry.npmjs.org/@emotion%2fstyled 4ms (cache hit)
265 silly packumentCache full:https://registry.npmjs.org/@emotion%2fstyled set size:279403 disposed:false
266 silly placeDep ROOT @mui/core-downloads-tracker@6.4.1 OK for: @mui/material@6.4.1 want: ^6.4.1
267 silly placeDep ROOT @mui/system@6.4.1 OK for: @mui/material@6.4.1 want: ^6.4.1
268 silly placeDep ROOT @mui/types@7.2.21 OK for: @mui/material@6.4.1 want: ^7.2.21
269 silly placeDep ROOT @mui/utils@6.4.1 OK for: @mui/material@6.4.1 want: ^6.4.1
270 silly placeDep ROOT @popperjs/core@2.11.8 OK for: @mui/material@6.4.1 want: ^2.11.8
271 silly placeDep ROOT @types/react-transition-group@4.4.12 OK for: @mui/material@6.4.1 want: ^4.4.12
272 silly placeDep ROOT clsx@2.1.1 OK for: @mui/material@6.4.1 want: ^2.1.1
273 silly placeDep ROOT prop-types@15.8.1 OK for: @mui/material@6.4.1 want: ^15.8.1
274 silly placeDep ROOT react-is@19.0.0 OK for: @mui/material@6.4.1 want: ^19.0.0
275 silly placeDep ROOT react-transition-group@4.4.5 OK for: @mui/material@6.4.1 want: ^4.4.5
276 silly fetch manifest @mui/private-theming@^6.4.1
277 silly packumentCache full:https://registry.npmjs.org/@mui%2fprivate-theming cache-miss
278 http fetch GET 200 https://registry.npmjs.org/@mui%2fprivate-theming 111ms (cache miss)
279 silly packumentCache full:https://registry.npmjs.org/@mui%2fprivate-theming set size:undefined disposed:false
280 silly fetch manifest @mui/styled-engine@^6.4.0
281 silly packumentCache full:https://registry.npmjs.org/@mui%2fstyled-engine cache-miss
282 http fetch GET 200 https://registry.npmjs.org/@mui%2fstyled-engine 79ms (cache miss)
283 silly packumentCache full:https://registry.npmjs.org/@mui%2fstyled-engine set size:undefined disposed:false
284 silly fetch manifest object-assign@^4.1.1
285 silly packumentCache full:https://registry.npmjs.org/object-assign cache-miss
286 http fetch GET 200 https://registry.npmjs.org/object-assign 36ms (cache updated)
287 silly packumentCache full:https://registry.npmjs.org/object-assign set size:undefined disposed:false
288 silly fetch manifest react-is@^16.13.1
289 silly packumentCache full:https://registry.npmjs.org/react-is cache-miss
290 http fetch GET 200 https://registry.npmjs.org/react-is 18ms (cache hit)
291 silly packumentCache full:https://registry.npmjs.org/react-is set size:4390452 disposed:false
292 silly fetch manifest dom-helpers@^5.0.1
293 silly packumentCache full:https://registry.npmjs.org/dom-helpers cache-miss
294 http fetch GET 200 https://registry.npmjs.org/dom-helpers 38ms (cache miss)
295 silly packumentCache full:https://registry.npmjs.org/dom-helpers set size:undefined disposed:false
296 silly placeDep ROOT @mui/private-theming@6.4.1 OK for: @mui/system@6.4.1 want: ^6.4.1
297 silly placeDep ROOT @mui/styled-engine@6.4.0 OK for: @mui/system@6.4.1 want: ^6.4.0
298 silly placeDep ROOT follow-redirects@1.15.9 OK for: axios@1.7.9 want: ^1.15.6
299 silly placeDep ROOT form-data@4.0.1 OK for: axios@1.7.9 want: ^4.0.0
300 silly placeDep ROOT proxy-from-env@1.1.0 OK for: axios@1.7.9 want: ^1.1.0
301 silly fetch manifest asynckit@^0.4.0
302 silly packumentCache full:https://registry.npmjs.org/asynckit cache-miss
303 http fetch GET 200 https://registry.npmjs.org/asynckit 39ms (cache miss)
304 silly packumentCache full:https://registry.npmjs.org/asynckit set size:undefined disposed:false
305 silly fetch manifest combined-stream@^1.0.8
306 silly packumentCache full:https://registry.npmjs.org/combined-stream cache-miss
307 http fetch GET 200 https://registry.npmjs.org/combined-stream 31ms (cache miss)
308 silly packumentCache full:https://registry.npmjs.org/combined-stream set size:undefined disposed:false
309 silly fetch manifest mime-types@^2.1.12
310 silly packumentCache full:https://registry.npmjs.org/mime-types cache-miss
311 http fetch GET 200 https://registry.npmjs.org/mime-types 35ms (cache updated)
312 silly packumentCache full:https://registry.npmjs.org/mime-types set size:undefined disposed:false
313 silly placeDep ROOT cosmiconfig@7.1.0 OK for: babel-plugin-macros@3.1.0 want: ^7.0.0
314 silly placeDep ROOT resolve@1.22.10 OK for: babel-plugin-macros@3.1.0 want: ^1.19.0
315 silly fetch manifest @types/parse-json@^4.0.0
316 silly packumentCache full:https://registry.npmjs.org/@types%2fparse-json cache-miss
317 http fetch GET 200 https://registry.npmjs.org/@types%2fparse-json 52ms (cache miss)
318 silly packumentCache full:https://registry.npmjs.org/@types%2fparse-json set size:undefined disposed:false
319 silly fetch manifest parse-json@^5.0.0
320 silly packumentCache full:https://registry.npmjs.org/parse-json cache-miss
321 http fetch GET 200 https://registry.npmjs.org/parse-json 34ms (cache miss)
322 silly packumentCache full:https://registry.npmjs.org/parse-json set size:undefined disposed:false
323 silly fetch manifest path-type@^4.0.0
324 silly packumentCache full:https://registry.npmjs.org/path-type cache-miss
325 http fetch GET 200 https://registry.npmjs.org/path-type 59ms (cache miss)
326 silly packumentCache full:https://registry.npmjs.org/path-type set size:undefined disposed:false
327 silly fetch manifest yaml@^1.10.0
328 silly packumentCache full:https://registry.npmjs.org/yaml cache-miss
329 http fetch GET 200 https://registry.npmjs.org/yaml 4ms (cache hit)
330 silly packumentCache full:https://registry.npmjs.org/yaml set size:350509 disposed:false
331 silly fetch manifest is-core-module@^2.16.0
332 silly packumentCache full:https://registry.npmjs.org/is-core-module cache-miss
333 http fetch GET 200 https://registry.npmjs.org/is-core-module 41ms (cache miss)
334 silly packumentCache full:https://registry.npmjs.org/is-core-module set size:undefined disposed:false
335 silly fetch manifest path-parse@^1.0.7
336 silly packumentCache full:https://registry.npmjs.org/path-parse cache-miss
337 http fetch GET 200 https://registry.npmjs.org/path-parse 36ms (cache miss)
338 silly packumentCache full:https://registry.npmjs.org/path-parse set size:undefined disposed:false
339 silly fetch manifest supports-preserve-symlinks-flag@^1.0.0
340 silly packumentCache full:https://registry.npmjs.org/supports-preserve-symlinks-flag cache-miss
341 http fetch GET 200 https://registry.npmjs.org/supports-preserve-symlinks-flag 84ms (cache miss)
342 silly packumentCache full:https://registry.npmjs.org/supports-preserve-symlinks-flag set size:undefined disposed:false
343 silly placeDep ROOT @types/parse-json@4.0.2 OK for: cosmiconfig@7.1.0 want: ^4.0.0
344 silly placeDep ROOT parse-json@5.2.0 OK for: cosmiconfig@7.1.0 want: ^5.0.0
345 silly placeDep ROOT path-type@4.0.0 OK for: cosmiconfig@7.1.0 want: ^4.0.0
346 silly placeDep ROOT yaml@1.10.2 OK for: cosmiconfig@7.1.0 want: ^1.10.0
347 silly fetch manifest error-ex@^1.3.1
348 silly packumentCache full:https://registry.npmjs.org/error-ex cache-miss
349 http fetch GET 200 https://registry.npmjs.org/error-ex 46ms (cache miss)
350 silly packumentCache full:https://registry.npmjs.org/error-ex set size:undefined disposed:false
351 silly fetch manifest json-parse-even-better-errors@^2.3.0
352 silly packumentCache full:https://registry.npmjs.org/json-parse-even-better-errors cache-miss
353 http fetch GET 200 https://registry.npmjs.org/json-parse-even-better-errors 47ms (cache miss)
354 silly packumentCache full:https://registry.npmjs.org/json-parse-even-better-errors set size:undefined disposed:false
355 silly fetch manifest lines-and-columns@^1.1.6
356 silly packumentCache full:https://registry.npmjs.org/lines-and-columns cache-miss
357 http fetch GET 200 https://registry.npmjs.org/lines-and-columns 43ms (cache miss)
358 silly packumentCache full:https://registry.npmjs.org/lines-and-columns set size:undefined disposed:false
359 silly placeDep ROOT asynckit@0.4.0 OK for: form-data@4.0.1 want: ^0.4.0
360 silly placeDep ROOT combined-stream@1.0.8 OK for: form-data@4.0.1 want: ^1.0.8
361 silly placeDep ROOT mime-types@2.1.35 OK for: form-data@4.0.1 want: ^2.1.12
362 silly fetch manifest delayed-stream@~1.0.0
363 silly packumentCache full:https://registry.npmjs.org/delayed-stream cache-miss
364 http fetch GET 200 https://registry.npmjs.org/delayed-stream 44ms (cache miss)
365 silly packumentCache full:https://registry.npmjs.org/delayed-stream set size:undefined disposed:false
366 silly fetch manifest mime-db@1.52.0
367 silly packumentCache full:https://registry.npmjs.org/mime-db cache-miss
368 http fetch GET 200 https://registry.npmjs.org/mime-db 35ms (cache updated)
369 silly packumentCache full:https://registry.npmjs.org/mime-db set size:undefined disposed:false
370 silly placeDep ROOT delayed-stream@1.0.0 OK for: combined-stream@1.0.8 want: ~1.0.0
371 silly placeDep node_modules/hoist-non-react-statics react-is@16.13.1 OK for: hoist-non-react-statics@3.3.2 want: ^16.7.0
372 silly placeDep ROOT mime-db@1.52.0 OK for: mime-types@2.1.35 want: 1.52.0
373 silly placeDep ROOT error-ex@1.3.2 OK for: parse-json@5.2.0 want: ^1.3.1
374 silly placeDep ROOT json-parse-even-better-errors@2.3.1 OK for: parse-json@5.2.0 want: ^2.3.0
375 silly placeDep ROOT lines-and-columns@1.2.4 OK for: parse-json@5.2.0 want: ^1.1.6
376 silly fetch manifest is-arrayish@^0.2.1
377 silly packumentCache full:https://registry.npmjs.org/is-arrayish cache-miss
378 http fetch GET 200 https://registry.npmjs.org/is-arrayish 36ms (cache miss)
379 silly packumentCache full:https://registry.npmjs.org/is-arrayish set size:undefined disposed:false
380 silly placeDep ROOT is-arrayish@0.2.1 OK for: error-ex@1.3.2 want: ^0.2.1
381 silly placeDep ROOT object-assign@4.1.1 OK for: prop-types@15.8.1 want: ^4.1.1
382 silly placeDep node_modules/prop-types react-is@16.13.1 OK for: prop-types@15.8.1 want: ^16.13.1
383 silly fetch manifest react@>=16.8
384 silly packumentCache full:https://registry.npmjs.org/react cache-miss
385 http fetch GET 200 https://registry.npmjs.org/react 16ms (cache hit)
386 silly packumentCache full:https://registry.npmjs.org/react set size:5383675 disposed:false
387 silly placeDep ROOT @remix-run/router@1.21.1 OK for: react-router-dom@6.28.2 want: 1.21.1
388 silly placeDep ROOT react-router@6.28.2 OK for: react-router-dom@6.28.2 want: 6.28.2
389 silly placeDep ROOT dom-helpers@5.2.1 OK for: react-transition-group@4.4.5 want: ^5.0.1
390 silly placeDep ROOT is-core-module@2.16.1 OK for: resolve@1.22.10 want: ^2.16.0
391 silly placeDep ROOT path-parse@1.0.7 OK for: resolve@1.22.10 want: ^1.0.7
392 silly placeDep ROOT supports-preserve-symlinks-flag@1.0.0 OK for: resolve@1.22.10 want: ^1.0.0
393 silly fetch manifest hasown@^2.0.2
394 silly packumentCache full:https://registry.npmjs.org/hasown cache-miss
395 http fetch GET 200 https://registry.npmjs.org/hasown 41ms (cache updated)
396 silly packumentCache full:https://registry.npmjs.org/hasown set size:undefined disposed:false
397 silly placeDep ROOT hasown@2.0.2 OK for: is-core-module@2.16.1 want: ^2.0.2
398 silly fetch manifest function-bind@^1.1.2
399 silly packumentCache full:https://registry.npmjs.org/function-bind cache-miss
400 http fetch GET 200 https://registry.npmjs.org/function-bind 37ms (cache updated)
401 silly packumentCache full:https://registry.npmjs.org/function-bind set size:undefined disposed:false
402 silly placeDep ROOT function-bind@1.1.2 OK for: hasown@2.0.2 want: ^1.1.2
403 silly fetch manifest yaml@^2.4.2
404 silly packumentCache full:https://registry.npmjs.org/yaml cache-hit
405 silly placeDep ROOT yaml@2.7.0 REPLACE for: vite@6.0.11 want: ^2.4.2
406 silly placeDep node_modules/cosmiconfig yaml@1.10.2 OK for: cosmiconfig@7.1.0 want: ^1.10.0
407 silly reify moves {}
408 silly audit bulk request {
408 silly audit   '@ampproject/remapping': [ '2.3.0' ],
408 silly audit   '@babel/code-frame': [ '7.26.2' ],
408 silly audit   '@babel/compat-data': [ '7.26.5' ],
408 silly audit   '@babel/core': [ '7.26.7' ],
408 silly audit   '@babel/generator': [ '7.26.5' ],
408 silly audit   '@babel/helper-compilation-targets': [ '7.26.5' ],
408 silly audit   '@babel/helper-module-imports': [ '7.25.9' ],
408 silly audit   '@babel/helper-module-transforms': [ '7.26.0' ],
408 silly audit   '@babel/helper-plugin-utils': [ '7.26.5' ],
408 silly audit   '@babel/helper-string-parser': [ '7.25.9' ],
408 silly audit   '@babel/helper-validator-identifier': [ '7.25.9' ],
408 silly audit   '@babel/helper-validator-option': [ '7.25.9' ],
408 silly audit   '@babel/helpers': [ '7.26.7' ],
408 silly audit   '@babel/parser': [ '7.26.7' ],
408 silly audit   '@babel/plugin-transform-react-jsx-self': [ '7.25.9' ],
408 silly audit   '@babel/plugin-transform-react-jsx-source': [ '7.25.9' ],
408 silly audit   '@babel/template': [ '7.25.9' ],
408 silly audit   '@babel/traverse': [ '7.26.7' ],
408 silly audit   globals: [ '11.12.0', '14.0.0', '15.14.0' ],
408 silly audit   '@babel/types': [ '7.26.7' ],
408 silly audit   '@esbuild/aix-ppc64': [ '0.24.2' ],
408 silly audit   '@esbuild/android-arm': [ '0.24.2' ],
408 silly audit   '@esbuild/android-arm64': [ '0.24.2' ],
408 silly audit   '@esbuild/android-x64': [ '0.24.2' ],
408 silly audit   '@esbuild/darwin-arm64': [ '0.24.2' ],
408 silly audit   '@esbuild/darwin-x64': [ '0.24.2' ],
408 silly audit   '@esbuild/freebsd-arm64': [ '0.24.2' ],
408 silly audit   '@esbuild/freebsd-x64': [ '0.24.2' ],
408 silly audit   '@esbuild/linux-arm': [ '0.24.2' ],
408 silly audit   '@esbuild/linux-arm64': [ '0.24.2' ],
408 silly audit   '@esbuild/linux-ia32': [ '0.24.2' ],
408 silly audit   '@esbuild/linux-loong64': [ '0.24.2' ],
408 silly audit   '@esbuild/linux-mips64el': [ '0.24.2' ],
408 silly audit   '@esbuild/linux-ppc64': [ '0.24.2' ],
408 silly audit   '@esbuild/linux-riscv64': [ '0.24.2' ],
408 silly audit   '@esbuild/linux-s390x': [ '0.24.2' ],
408 silly audit   '@esbuild/linux-x64': [ '0.24.2' ],
408 silly audit   '@esbuild/netbsd-arm64': [ '0.24.2' ],
408 silly audit   '@esbuild/netbsd-x64': [ '0.24.2' ],
408 silly audit   '@esbuild/openbsd-arm64': [ '0.24.2' ],
408 silly audit   '@esbuild/openbsd-x64': [ '0.24.2' ],
408 silly audit   '@esbuild/sunos-x64': [ '0.24.2' ],
408 silly audit   '@esbuild/win32-arm64': [ '0.24.2' ],
408 silly audit   '@esbuild/win32-ia32': [ '0.24.2' ],
408 silly audit   '@esbuild/win32-x64': [ '0.24.2' ],
408 silly audit   '@eslint-community/eslint-utils': [ '4.4.1' ],
408 silly audit   'eslint-visitor-keys': [ '3.4.3', '4.2.0' ],
408 silly audit   '@eslint-community/regexpp': [ '4.12.1' ],
408 silly audit   '@eslint/config-array': [ '0.19.1' ],
408 silly audit   '@eslint/core': [ '0.10.0' ],
408 silly audit   '@eslint/eslintrc': [ '3.2.0' ],
408 silly audit   '@eslint/js': [ '9.19.0' ],
408 silly audit   '@eslint/object-schema': [ '2.1.5' ],
408 silly audit   '@eslint/plugin-kit': [ '0.2.5' ],
408 silly audit   '@humanfs/core': [ '0.19.1' ],
408 silly audit   '@humanfs/node': [ '0.16.6' ],
408 silly audit   '@humanwhocodes/retry': [ '0.3.1', '0.4.1' ],
408 silly audit   '@humanwhocodes/module-importer': [ '1.0.1' ],
408 silly audit   '@jridgewell/gen-mapping': [ '0.3.8' ],
408 silly audit   '@jridgewell/resolve-uri': [ '3.1.2' ],
408 silly audit   '@jridgewell/set-array': [ '1.2.1' ],
408 silly audit   '@jridgewell/sourcemap-codec': [ '1.5.0' ],
408 silly audit   '@jridgewell/trace-mapping': [ '0.3.25' ],
408 silly audit   '@nodelib/fs.scandir': [ '2.1.5' ],
408 silly audit   '@nodelib/fs.stat': [ '2.0.5' ],
408 silly audit   '@nodelib/fs.walk': [ '1.2.8' ],
408 silly audit   '@rollup/rollup-android-arm-eabi': [ '4.32.1' ],
408 silly audit   '@rollup/rollup-android-arm64': [ '4.32.1' ],
408 silly audit   '@rollup/rollup-darwin-arm64': [ '4.32.1' ],
408 silly audit   '@rollup/rollup-darwin-x64': [ '4.32.1' ],
408 silly audit   '@rollup/rollup-freebsd-arm64': [ '4.32.1' ],
408 silly audit   '@rollup/rollup-freebsd-x64': [ '4.32.1' ],
408 silly audit   '@rollup/rollup-linux-arm-gnueabihf': [ '4.32.1' ],
408 silly audit   '@rollup/rollup-linux-arm-musleabihf': [ '4.32.1' ],
408 silly audit   '@rollup/rollup-linux-arm64-gnu': [ '4.32.1' ],
408 silly audit   '@rollup/rollup-linux-arm64-musl': [ '4.32.1' ],
408 silly audit   '@rollup/rollup-linux-loongarch64-gnu': [ '4.32.1' ],
408 silly audit   '@rollup/rollup-linux-powerpc64le-gnu': [ '4.32.1' ],
408 silly audit   '@rollup/rollup-linux-riscv64-gnu': [ '4.32.1' ],
408 silly audit   '@rollup/rollup-linux-s390x-gnu': [ '4.32.1' ],
408 silly audit   '@rollup/rollup-linux-x64-gnu': [ '4.32.1' ],
408 silly audit   '@rollup/rollup-linux-x64-musl': [ '4.32.1' ],
408 silly audit   '@rollup/rollup-win32-arm64-msvc': [ '4.32.1' ],
408 silly audit   '@rollup/rollup-win32-ia32-msvc': [ '4.32.1' ],
408 silly audit   '@rollup/rollup-win32-x64-msvc': [ '4.32.1' ],
408 silly audit   '@types/babel__core': [ '7.20.5' ],
408 silly audit   '@types/babel__generator': [ '7.6.8' ],
408 silly audit   '@types/babel__template': [ '7.4.4' ],
408 silly audit   '@types/babel__traverse': [ '7.20.6' ],
408 silly audit   '@types/estree': [ '1.0.6' ],
408 silly audit   '@types/json-schema': [ '7.0.15' ],
408 silly audit   '@types/prop-types': [ '15.7.14' ],
408 silly audit   '@types/react': [ '18.3.18' ],
408 silly audit   '@types/react-dom': [ '18.3.5' ],
408 silly audit   '@typescript-eslint/eslint-plugin': [ '8.22.0' ],
408 silly audit   '@typescript-eslint/parser': [ '8.22.0' ],
408 silly audit   '@typescript-eslint/scope-manager': [ '8.22.0' ],
408 silly audit   '@typescript-eslint/type-utils': [ '8.22.0' ],
408 silly audit   '@typescript-eslint/types': [ '8.22.0' ],
408 silly audit   '@typescript-eslint/typescript-estree': [ '8.22.0' ],
408 silly audit   'brace-expansion': [ '2.0.1', '1.1.11' ],
408 silly audit   minimatch: [ '9.0.5', '3.1.2' ],
408 silly audit   semver: [ '7.6.3', '6.3.1' ],
408 silly audit   '@typescript-eslint/utils': [ '8.22.0' ],
408 silly audit   '@typescript-eslint/visitor-keys': [ '8.22.0' ],
408 silly audit   '@vitejs/plugin-react': [ '4.3.4' ],
408 silly audit   acorn: [ '8.14.0' ],
408 silly audit   'acorn-jsx': [ '5.3.2' ],
408 silly audit   ajv: [ '6.12.6' ],
408 silly audit   'ansi-styles': [ '4.3.0' ],
408 silly audit   argparse: [ '2.0.1' ],
408 silly audit   'balanced-match': [ '1.0.2' ],
408 silly audit   braces: [ '3.0.3' ],
408 silly audit   browserslist: [ '4.24.4' ],
408 silly audit   callsites: [ '3.1.0' ],
408 silly audit   'caniuse-lite': [ '1.0.30001696' ],
408 silly audit   chalk: [ '4.1.2' ],
408 silly audit   'color-convert': [ '2.0.1' ],
408 silly audit   'color-name': [ '1.1.4' ],
408 silly audit   'concat-map': [ '0.0.1' ],
408 silly audit   'convert-source-map': [ '2.0.0', '1.9.0' ],
408 silly audit   'cross-spawn': [ '7.0.6' ],
408 silly audit   csstype: [ '3.1.3' ],
408 silly audit   debug: [ '4.4.0' ],
408 silly audit   'deep-is': [ '0.1.4' ],
408 silly audit   'electron-to-chromium': [ '1.5.88' ],
408 silly audit   esbuild: [ '0.24.2' ],
408 silly audit   escalade: [ '3.2.0' ],
408 silly audit   'escape-string-regexp': [ '4.0.0' ],
408 silly audit   eslint: [ '9.19.0' ],
408 silly audit   'eslint-plugin-react-hooks': [ '5.1.0' ],
408 silly audit   'eslint-plugin-react-refresh': [ '0.4.18' ],
408 silly audit   'eslint-scope': [ '8.2.0' ],
408 silly audit   espree: [ '10.3.0' ],
408 silly audit   esquery: [ '1.6.0' ],
408 silly audit   esrecurse: [ '4.3.0' ],
408 silly audit   estraverse: [ '5.3.0' ],
408 silly audit   esutils: [ '2.0.3' ],
408 silly audit   'fast-deep-equal': [ '3.1.3' ],
408 silly audit   'fast-glob': [ '3.3.3' ],
408 silly audit   'glob-parent': [ '5.1.2', '6.0.2' ],
408 silly audit   'fast-json-stable-stringify': [ '2.1.0' ],
408 silly audit   'fast-levenshtein': [ '2.0.6' ],
408 silly audit   fastq: [ '1.18.0' ],
408 silly audit   'file-entry-cache': [ '8.0.0' ],
408 silly audit   'fill-range': [ '7.1.1' ],
408 silly audit   'find-up': [ '5.0.0' ],
408 silly audit   'flat-cache': [ '4.0.1' ],
408 silly audit   flatted: [ '3.3.2' ],
408 silly audit   fsevents: [ '2.3.3' ],
408 silly audit   gensync: [ '1.0.0-beta.2' ],
408 silly audit   graphemer: [ '1.4.0' ],
408 silly audit   'has-flag': [ '4.0.0' ],
408 silly audit   ignore: [ '5.3.2' ],
408 silly audit   'import-fresh': [ '3.3.0' ],
408 silly audit   imurmurhash: [ '0.1.4' ],
408 silly audit   'is-extglob': [ '2.1.1' ],
408 silly audit   'is-glob': [ '4.0.3' ],
408 silly audit   'is-number': [ '7.0.0' ],
408 silly audit   isexe: [ '2.0.0' ],
408 silly audit   'js-tokens': [ '4.0.0' ],
408 silly audit   'js-yaml': [ '4.1.0' ],
408 silly audit   jsesc: [ '3.1.0' ],
408 silly audit   'json-buffer': [ '3.0.1' ],
408 silly audit   'json-schema-traverse': [ '0.4.1' ],
408 silly audit   'json-stable-stringify-without-jsonify': [ '1.0.1' ],
408 silly audit   json5: [ '2.2.3' ],
408 silly audit   keyv: [ '4.5.4' ],
408 silly audit   levn: [ '0.4.1' ],
408 silly audit   'locate-path': [ '6.0.0' ],
408 silly audit   'lodash.merge': [ '4.6.2' ],
408 silly audit   'loose-envify': [ '1.4.0' ],
408 silly audit   'lru-cache': [ '5.1.1' ],
408 silly audit   merge2: [ '1.4.1' ],
408 silly audit   micromatch: [ '4.0.8' ],
408 silly audit   ms: [ '2.1.3' ],
408 silly audit   nanoid: [ '3.3.8' ],
408 silly audit   'natural-compare': [ '1.4.0' ],
408 silly audit   'node-releases': [ '2.0.19' ],
408 silly audit   optionator: [ '0.9.4' ],
408 silly audit   'p-limit': [ '3.1.0' ],
408 silly audit   'p-locate': [ '5.0.0' ],
408 silly audit   'parent-module': [ '1.0.1' ],
408 silly audit   'path-exists': [ '4.0.0' ],
408 silly audit   'path-key': [ '3.1.1' ],
408 silly audit   picocolors: [ '1.1.1' ],
408 silly audit   picomatch: [ '2.3.1' ],
408 silly audit   postcss: [ '8.5.1' ],
408 silly audit   'prelude-ls': [ '1.2.1' ],
408 silly audit   punycode: [ '2.3.1' ],
408 silly audit   'queue-microtask': [ '1.2.3' ],
408 silly audit   react: [ '18.3.1' ],
408 silly audit   'react-dom': [ '18.3.1' ],
408 silly audit   'react-refresh': [ '0.14.2' ],
408 silly audit   'resolve-from': [ '4.0.0' ],
408 silly audit   reusify: [ '1.0.4' ],
408 silly audit   rollup: [ '4.32.1' ],
408 silly audit   'run-parallel': [ '1.2.0' ],
408 silly audit   scheduler: [ '0.23.2' ],
408 silly audit   'shebang-command': [ '2.0.0' ],
408 silly audit   'shebang-regex': [ '3.0.0' ],
408 silly audit   'source-map-js': [ '1.2.1' ],
408 silly audit   'strip-json-comments': [ '3.1.1' ],
408 silly audit   'supports-color': [ '7.2.0' ],
408 silly audit   'to-regex-range': [ '5.0.1' ],
408 silly audit   'ts-api-utils': [ '2.0.0' ],
408 silly audit   'type-check': [ '0.4.0' ],
408 silly audit   typescript: [ '5.6.3' ],
408 silly audit   'typescript-eslint': [ '8.22.0' ],
408 silly audit   'update-browserslist-db': [ '1.1.2' ],
408 silly audit   'uri-js': [ '4.4.1' ],
408 silly audit   vite: [ '6.0.11' ],
408 silly audit   which: [ '2.0.2' ],
408 silly audit   'word-wrap': [ '1.2.5' ],
408 silly audit   yallist: [ '3.1.1' ],
408 silly audit   'yocto-queue': [ '0.1.0' ],
408 silly audit   '@emotion/react': [ '11.14.0' ],
408 silly audit   '@emotion/styled': [ '11.14.0' ],
408 silly audit   '@mui/icons-material': [ '6.4.1' ],
408 silly audit   '@mui/material': [ '6.4.1' ],
408 silly audit   '@react-oauth/google': [ '0.12.1' ],
408 silly audit   axios: [ '1.7.9' ],
408 silly audit   'react-router-dom': [ '6.28.2' ],
408 silly audit   '@babel/runtime': [ '7.26.7' ],
408 silly audit   '@emotion/babel-plugin': [ '11.13.5' ],
408 silly audit   '@emotion/cache': [ '11.14.0' ],
408 silly audit   '@emotion/serialize': [ '1.3.3' ],
408 silly audit   '@emotion/use-insertion-effect-with-fallbacks': [ '1.2.0' ],
408 silly audit   '@emotion/utils': [ '1.4.2' ],
408 silly audit   '@emotion/weak-memoize': [ '0.4.0' ],
408 silly audit   'hoist-non-react-statics': [ '3.3.2' ],
408 silly audit   'regenerator-runtime': [ '0.14.1' ],
408 silly audit   '@emotion/hash': [ '0.9.2' ],
408 silly audit   '@emotion/memoize': [ '0.9.0' ],
408 silly audit   'babel-plugin-macros': [ '3.1.0' ],
408 silly audit   'find-root': [ '1.1.0' ],
408 silly audit   'source-map': [ '0.5.7' ],
408 silly audit   stylis: [ '4.2.0' ],
408 silly audit   '@emotion/sheet': [ '1.4.0' ],
408 silly audit   '@emotion/unitless': [ '0.10.0' ],
408 silly audit   '@emotion/is-prop-valid': [ '1.3.1' ],
408 silly audit   '@mui/core-downloads-tracker': [ '6.4.1' ],
408 silly audit   '@mui/system': [ '6.4.1' ],
408 silly audit   '@mui/types': [ '7.2.21' ],
408 silly audit   '@mui/utils': [ '6.4.1' ],
408 silly audit   '@popperjs/core': [ '2.11.8' ],
408 silly audit   '@types/react-transition-group': [ '4.4.12' ],
408 silly audit   clsx: [ '2.1.1' ],
408 silly audit   'prop-types': [ '15.8.1' ],
408 silly audit   'react-is': [ '19.0.0', '16.13.1' ],
408 silly audit   'react-transition-group': [ '4.4.5' ],
408 silly audit   '@mui/private-theming': [ '6.4.1' ],
408 silly audit   '@mui/styled-engine': [ '6.4.0' ],
408 silly audit   'follow-redirects': [ '1.15.9' ],
408 silly audit   'form-data': [ '4.0.1' ],
408 silly audit   'proxy-from-env': [ '1.1.0' ],
408 silly audit   cosmiconfig: [ '7.1.0' ],
408 silly audit   resolve: [ '1.22.10' ],
408 silly audit   '@types/parse-json': [ '4.0.2' ],
408 silly audit   'parse-json': [ '5.2.0' ],
408 silly audit   'path-type': [ '4.0.0' ],
408 silly audit   asynckit: [ '0.4.0' ],
408 silly audit   'combined-stream': [ '1.0.8' ],
408 silly audit   'mime-types': [ '2.1.35' ],
408 silly audit   'delayed-stream': [ '1.0.0' ],
408 silly audit   'mime-db': [ '1.52.0' ],
408 silly audit   'error-ex': [ '1.3.2' ],
408 silly audit   'json-parse-even-better-errors': [ '2.3.1' ],
408 silly audit   'lines-and-columns': [ '1.2.4' ],
408 silly audit   'is-arrayish': [ '0.2.1' ],
408 silly audit   'object-assign': [ '4.1.1' ],
408 silly audit   '@remix-run/router': [ '1.21.1' ],
408 silly audit   'react-router': [ '6.28.2' ],
408 silly audit   'dom-helpers': [ '5.2.1' ],
408 silly audit   'is-core-module': [ '2.16.1' ],
408 silly audit   'path-parse': [ '1.0.7' ],
408 silly audit   'supports-preserve-symlinks-flag': [ '1.0.0' ],
408 silly audit   hasown: [ '2.0.2' ],
408 silly audit   'function-bind': [ '1.1.2' ],
408 silly audit   yaml: [ '2.7.0', '1.10.2' ]
408 silly audit }
409 verbose reify failed optional dependency /home/iskender.cevik/chatbot-project/frontend/node_modules/fsevents
410 silly reify mark deleted [
410 silly reify   '/home/iskender.cevik/chatbot-project/frontend/node_modules/fsevents'
410 silly reify ]
411 verbose reify failed optional dependency /home/iskender.cevik/chatbot-project/frontend/node_modules/@rollup/rollup-win32-x64-msvc
412 silly reify mark deleted [
412 silly reify   '/home/iskender.cevik/chatbot-project/frontend/node_modules/@rollup/rollup-win32-x64-msvc'
412 silly reify ]
413 verbose reify failed optional dependency /home/iskender.cevik/chatbot-project/frontend/node_modules/@rollup/rollup-win32-ia32-msvc
414 silly reify mark deleted [
414 silly reify   '/home/iskender.cevik/chatbot-project/frontend/node_modules/@rollup/rollup-win32-ia32-msvc'
414 silly reify ]
415 verbose reify failed optional dependency /home/iskender.cevik/chatbot-project/frontend/node_modules/@rollup/rollup-win32-arm64-msvc
416 silly reify mark deleted [
416 silly reify   '/home/iskender.cevik/chatbot-project/frontend/node_modules/@rollup/rollup-win32-arm64-msvc'
416 silly reify ]
417 verbose reify failed optional dependency /home/iskender.cevik/chatbot-project/frontend/node_modules/@rollup/rollup-linux-s390x-gnu
418 silly reify mark deleted [
418 silly reify   '/home/iskender.cevik/chatbot-project/frontend/node_modules/@rollup/rollup-linux-s390x-gnu'
418 silly reify ]
419 verbose reify failed optional dependency /home/iskender.cevik/chatbot-project/frontend/node_modules/@rollup/rollup-linux-riscv64-gnu
420 silly reify mark deleted [
420 silly reify   '/home/iskender.cevik/chatbot-project/frontend/node_modules/@rollup/rollup-linux-riscv64-gnu'
420 silly reify ]
421 verbose reify failed optional dependency /home/iskender.cevik/chatbot-project/frontend/node_modules/@rollup/rollup-linux-powerpc64le-gnu
422 silly reify mark deleted [
422 silly reify   '/home/iskender.cevik/chatbot-project/frontend/node_modules/@rollup/rollup-linux-powerpc64le-gnu'
422 silly reify ]
423 verbose reify failed optional dependency /home/iskender.cevik/chatbot-project/frontend/node_modules/@rollup/rollup-linux-loongarch64-gnu
424 silly reify mark deleted [
424 silly reify   '/home/iskender.cevik/chatbot-project/frontend/node_modules/@rollup/rollup-linux-loongarch64-gnu'
424 silly reify ]
425 verbose reify failed optional dependency /home/iskender.cevik/chatbot-project/frontend/node_modules/@rollup/rollup-linux-arm64-musl
426 silly reify mark deleted [
426 silly reify   '/home/iskender.cevik/chatbot-project/frontend/node_modules/@rollup/rollup-linux-arm64-musl'
426 silly reify ]
427 verbose reify failed optional dependency /home/iskender.cevik/chatbot-project/frontend/node_modules/@rollup/rollup-linux-arm64-gnu
428 silly reify mark deleted [
428 silly reify   '/home/iskender.cevik/chatbot-project/frontend/node_modules/@rollup/rollup-linux-arm64-gnu'
428 silly reify ]
429 verbose reify failed optional dependency /home/iskender.cevik/chatbot-project/frontend/node_modules/@rollup/rollup-linux-arm-musleabihf
430 silly reify mark deleted [
430 silly reify   '/home/iskender.cevik/chatbot-project/frontend/node_modules/@rollup/rollup-linux-arm-musleabihf'
430 silly reify ]
431 verbose reify failed optional dependency /home/iskender.cevik/chatbot-project/frontend/node_modules/@rollup/rollup-linux-arm-gnueabihf
432 silly reify mark deleted [
432 silly reify   '/home/iskender.cevik/chatbot-project/frontend/node_modules/@rollup/rollup-linux-arm-gnueabihf'
432 silly reify ]
433 verbose reify failed optional dependency /home/iskender.cevik/chatbot-project/frontend/node_modules/@rollup/rollup-freebsd-x64
434 silly reify mark deleted [
434 silly reify   '/home/iskender.cevik/chatbot-project/frontend/node_modules/@rollup/rollup-freebsd-x64'
434 silly reify ]
435 verbose reify failed optional dependency /home/iskender.cevik/chatbot-project/frontend/node_modules/@rollup/rollup-freebsd-arm64
436 silly reify mark deleted [
436 silly reify   '/home/iskender.cevik/chatbot-project/frontend/node_modules/@rollup/rollup-freebsd-arm64'
436 silly reify ]
437 verbose reify failed optional dependency /home/iskender.cevik/chatbot-project/frontend/node_modules/@rollup/rollup-darwin-x64
438 silly reify mark deleted [
438 silly reify   '/home/iskender.cevik/chatbot-project/frontend/node_modules/@rollup/rollup-darwin-x64'
438 silly reify ]
439 verbose reify failed optional dependency /home/iskender.cevik/chatbot-project/frontend/node_modules/@rollup/rollup-darwin-arm64
440 silly reify mark deleted [
440 silly reify   '/home/iskender.cevik/chatbot-project/frontend/node_modules/@rollup/rollup-darwin-arm64'
440 silly reify ]
441 verbose reify failed optional dependency /home/iskender.cevik/chatbot-project/frontend/node_modules/@rollup/rollup-android-arm64
442 silly reify mark deleted [
442 silly reify   '/home/iskender.cevik/chatbot-project/frontend/node_modules/@rollup/rollup-android-arm64'
442 silly reify ]
443 verbose reify failed optional dependency /home/iskender.cevik/chatbot-project/frontend/node_modules/@rollup/rollup-android-arm-eabi
444 silly reify mark deleted [
444 silly reify   '/home/iskender.cevik/chatbot-project/frontend/node_modules/@rollup/rollup-android-arm-eabi'
444 silly reify ]
445 verbose reify failed optional dependency /home/iskender.cevik/chatbot-project/frontend/node_modules/@esbuild/win32-x64
446 silly reify mark deleted [
446 silly reify   '/home/iskender.cevik/chatbot-project/frontend/node_modules/@esbuild/win32-x64'
446 silly reify ]
447 verbose reify failed optional dependency /home/iskender.cevik/chatbot-project/frontend/node_modules/@esbuild/win32-ia32
448 silly reify mark deleted [
448 silly reify   '/home/iskender.cevik/chatbot-project/frontend/node_modules/@esbuild/win32-ia32'
448 silly reify ]
449 verbose reify failed optional dependency /home/iskender.cevik/chatbot-project/frontend/node_modules/@esbuild/win32-arm64
450 silly reify mark deleted [
450 silly reify   '/home/iskender.cevik/chatbot-project/frontend/node_modules/@esbuild/win32-arm64'
450 silly reify ]
451 verbose reify failed optional dependency /home/iskender.cevik/chatbot-project/frontend/node_modules/@esbuild/sunos-x64
452 silly reify mark deleted [
452 silly reify   '/home/iskender.cevik/chatbot-project/frontend/node_modules/@esbuild/sunos-x64'
452 silly reify ]
453 verbose reify failed optional dependency /home/iskender.cevik/chatbot-project/frontend/node_modules/@esbuild/openbsd-x64
454 silly reify mark deleted [
454 silly reify   '/home/iskender.cevik/chatbot-project/frontend/node_modules/@esbuild/openbsd-x64'
454 silly reify ]
455 verbose reify failed optional dependency /home/iskender.cevik/chatbot-project/frontend/node_modules/@esbuild/openbsd-arm64
456 silly reify mark deleted [
456 silly reify   '/home/iskender.cevik/chatbot-project/frontend/node_modules/@esbuild/openbsd-arm64'
456 silly reify ]
457 verbose reify failed optional dependency /home/iskender.cevik/chatbot-project/frontend/node_modules/@esbuild/netbsd-x64
458 silly reify mark deleted [
458 silly reify   '/home/iskender.cevik/chatbot-project/frontend/node_modules/@esbuild/netbsd-x64'
458 silly reify ]
459 verbose reify failed optional dependency /home/iskender.cevik/chatbot-project/frontend/node_modules/@esbuild/netbsd-arm64
460 silly reify mark deleted [
460 silly reify   '/home/iskender.cevik/chatbot-project/frontend/node_modules/@esbuild/netbsd-arm64'
460 silly reify ]
461 verbose reify failed optional dependency /home/iskender.cevik/chatbot-project/frontend/node_modules/@esbuild/linux-s390x
462 silly reify mark deleted [
462 silly reify   '/home/iskender.cevik/chatbot-project/frontend/node_modules/@esbuild/linux-s390x'
462 silly reify ]
463 verbose reify failed optional dependency /home/iskender.cevik/chatbot-project/frontend/node_modules/@esbuild/linux-riscv64
464 silly reify mark deleted [
464 silly reify   '/home/iskender.cevik/chatbot-project/frontend/node_modules/@esbuild/linux-riscv64'
464 silly reify ]
465 verbose reify failed optional dependency /home/iskender.cevik/chatbot-project/frontend/node_modules/@esbuild/linux-ppc64
466 silly reify mark deleted [
466 silly reify   '/home/iskender.cevik/chatbot-project/frontend/node_modules/@esbuild/linux-ppc64'
466 silly reify ]
467 verbose reify failed optional dependency /home/iskender.cevik/chatbot-project/frontend/node_modules/@esbuild/linux-mips64el
468 silly reify mark deleted [
468 silly reify   '/home/iskender.cevik/chatbot-project/frontend/node_modules/@esbuild/linux-mips64el'
468 silly reify ]
469 verbose reify failed optional dependency /home/iskender.cevik/chatbot-project/frontend/node_modules/@esbuild/linux-loong64
470 silly reify mark deleted [
470 silly reify   '/home/iskender.cevik/chatbot-project/frontend/node_modules/@esbuild/linux-loong64'
470 silly reify ]
471 verbose reify failed optional dependency /home/iskender.cevik/chatbot-project/frontend/node_modules/@esbuild/linux-ia32
472 silly reify mark deleted [
472 silly reify   '/home/iskender.cevik/chatbot-project/frontend/node_modules/@esbuild/linux-ia32'
472 silly reify ]
473 verbose reify failed optional dependency /home/iskender.cevik/chatbot-project/frontend/node_modules/@esbuild/linux-arm64
474 silly reify mark deleted [
474 silly reify   '/home/iskender.cevik/chatbot-project/frontend/node_modules/@esbuild/linux-arm64'
474 silly reify ]
475 verbose reify failed optional dependency /home/iskender.cevik/chatbot-project/frontend/node_modules/@esbuild/linux-arm
476 silly reify mark deleted [
476 silly reify   '/home/iskender.cevik/chatbot-project/frontend/node_modules/@esbuild/linux-arm'
476 silly reify ]
477 verbose reify failed optional dependency /home/iskender.cevik/chatbot-project/frontend/node_modules/@esbuild/freebsd-x64
478 silly reify mark deleted [
478 silly reify   '/home/iskender.cevik/chatbot-project/frontend/node_modules/@esbuild/freebsd-x64'
478 silly reify ]
479 verbose reify failed optional dependency /home/iskender.cevik/chatbot-project/frontend/node_modules/@esbuild/freebsd-arm64
480 silly reify mark deleted [
480 silly reify   '/home/iskender.cevik/chatbot-project/frontend/node_modules/@esbuild/freebsd-arm64'
480 silly reify ]
481 verbose reify failed optional dependency /home/iskender.cevik/chatbot-project/frontend/node_modules/@esbuild/darwin-x64
482 silly reify mark deleted [
482 silly reify   '/home/iskender.cevik/chatbot-project/frontend/node_modules/@esbuild/darwin-x64'
482 silly reify ]
483 verbose reify failed optional dependency /home/iskender.cevik/chatbot-project/frontend/node_modules/@esbuild/darwin-arm64
484 silly reify mark deleted [
484 silly reify   '/home/iskender.cevik/chatbot-project/frontend/node_modules/@esbuild/darwin-arm64'
484 silly reify ]
485 verbose reify failed optional dependency /home/iskender.cevik/chatbot-project/frontend/node_modules/@esbuild/android-x64
486 silly reify mark deleted [
486 silly reify   '/home/iskender.cevik/chatbot-project/frontend/node_modules/@esbuild/android-x64'
486 silly reify ]
487 verbose reify failed optional dependency /home/iskender.cevik/chatbot-project/frontend/node_modules/@esbuild/android-arm64
488 silly reify mark deleted [
488 silly reify   '/home/iskender.cevik/chatbot-project/frontend/node_modules/@esbuild/android-arm64'
488 silly reify ]
489 verbose reify failed optional dependency /home/iskender.cevik/chatbot-project/frontend/node_modules/@esbuild/android-arm
490 silly reify mark deleted [
490 silly reify   '/home/iskender.cevik/chatbot-project/frontend/node_modules/@esbuild/android-arm'
490 silly reify ]
491 verbose reify failed optional dependency /home/iskender.cevik/chatbot-project/frontend/node_modules/@esbuild/aix-ppc64
492 silly reify mark deleted [
492 silly reify   '/home/iskender.cevik/chatbot-project/frontend/node_modules/@esbuild/aix-ppc64'
492 silly reify ]
493 silly tarball no local data for yaml@https://registry.npmjs.org/yaml/-/yaml-2.7.0.tgz. Extracting by manifest.
494 silly tarball no local data for supports-preserve-symlinks-flag@https://registry.npmjs.org/supports-preserve-symlinks-flag/-/supports-preserve-symlinks-flag-1.0.0.tgz. Extracting by manifest.
495 silly tarball no local data for path-parse@https://registry.npmjs.org/path-parse/-/path-parse-1.0.7.tgz. Extracting by manifest.
496 silly tarball no local data for is-core-module@https://registry.npmjs.org/is-core-module/-/is-core-module-2.16.1.tgz. Extracting by manifest.
497 silly tarball no local data for dom-helpers@https://registry.npmjs.org/dom-helpers/-/dom-helpers-5.2.1.tgz. Extracting by manifest.
498 silly tarball no local data for react-router@https://registry.npmjs.org/react-router/-/react-router-6.28.2.tgz. Extracting by manifest.
499 silly tarball no local data for @remix-run/router@https://registry.npmjs.org/@remix-run/router/-/router-1.21.1.tgz. Extracting by manifest.
500 silly tarball no local data for is-arrayish@https://registry.npmjs.org/is-arrayish/-/is-arrayish-0.2.1.tgz. Extracting by manifest.
501 silly tarball no local data for lines-and-columns@https://registry.npmjs.org/lines-and-columns/-/lines-and-columns-1.2.4.tgz. Extracting by manifest.
502 silly tarball no local data for json-parse-even-better-errors@https://registry.npmjs.org/json-parse-even-better-errors/-/json-parse-even-better-errors-2.3.1.tgz. Extracting by manifest.
503 silly tarball no local data for error-ex@https://registry.npmjs.org/error-ex/-/error-ex-1.3.2.tgz. Extracting by manifest.
504 silly tarball no local data for delayed-stream@https://registry.npmjs.org/delayed-stream/-/delayed-stream-1.0.0.tgz. Extracting by manifest.
505 silly tarball no local data for combined-stream@https://registry.npmjs.org/combined-stream/-/combined-stream-1.0.8.tgz. Extracting by manifest.
506 silly tarball no local data for asynckit@https://registry.npmjs.org/asynckit/-/asynckit-0.4.0.tgz. Extracting by manifest.
507 silly tarball no local data for path-type@https://registry.npmjs.org/path-type/-/path-type-4.0.0.tgz. Extracting by manifest.
508 silly tarball no local data for parse-json@https://registry.npmjs.org/parse-json/-/parse-json-5.2.0.tgz. Extracting by manifest.
509 silly tarball no local data for @types/parse-json@https://registry.npmjs.org/@types/parse-json/-/parse-json-4.0.2.tgz. Extracting by manifest.
510 silly tarball no local data for resolve@https://registry.npmjs.org/resolve/-/resolve-1.22.10.tgz. Extracting by manifest.
511 silly tarball no local data for cosmiconfig@https://registry.npmjs.org/cosmiconfig/-/cosmiconfig-7.1.0.tgz. Extracting by manifest.
512 silly tarball no local data for proxy-from-env@https://registry.npmjs.org/proxy-from-env/-/proxy-from-env-1.1.0.tgz. Extracting by manifest.
513 silly tarball no local data for form-data@https://registry.npmjs.org/form-data/-/form-data-4.0.1.tgz. Extracting by manifest.
514 silly tarball no local data for follow-redirects@https://registry.npmjs.org/follow-redirects/-/follow-redirects-1.15.9.tgz. Extracting by manifest.
515 silly tarball no local data for @mui/styled-engine@https://registry.npmjs.org/@mui/styled-engine/-/styled-engine-6.4.0.tgz. Extracting by manifest.
516 silly tarball no local data for @mui/private-theming@https://registry.npmjs.org/@mui/private-theming/-/private-theming-6.4.1.tgz. Extracting by manifest.
517 silly tarball no local data for react-transition-group@https://registry.npmjs.org/react-transition-group/-/react-transition-group-4.4.5.tgz. Extracting by manifest.
518 silly tarball no local data for react-is@https://registry.npmjs.org/react-is/-/react-is-19.0.0.tgz. Extracting by manifest.
519 silly tarball no local data for prop-types@https://registry.npmjs.org/prop-types/-/prop-types-15.8.1.tgz. Extracting by manifest.
520 silly tarball no local data for clsx@https://registry.npmjs.org/clsx/-/clsx-2.1.1.tgz. Extracting by manifest.
521 silly tarball no local data for @types/react-transition-group@https://registry.npmjs.org/@types/react-transition-group/-/react-transition-group-4.4.12.tgz. Extracting by manifest.
522 silly tarball no local data for @popperjs/core@https://registry.npmjs.org/@popperjs/core/-/core-2.11.8.tgz. Extracting by manifest.
523 silly tarball no local data for @mui/utils@https://registry.npmjs.org/@mui/utils/-/utils-6.4.1.tgz. Extracting by manifest.
524 silly tarball no local data for @mui/types@https://registry.npmjs.org/@mui/types/-/types-7.2.21.tgz. Extracting by manifest.
525 silly tarball no local data for @mui/system@https://registry.npmjs.org/@mui/system/-/system-6.4.1.tgz. Extracting by manifest.
526 silly tarball no local data for @mui/core-downloads-tracker@https://registry.npmjs.org/@mui/core-downloads-tracker/-/core-downloads-tracker-6.4.1.tgz. Extracting by manifest.
527 silly tarball no local data for @emotion/is-prop-valid@https://registry.npmjs.org/@emotion/is-prop-valid/-/is-prop-valid-1.3.1.tgz. Extracting by manifest.
528 silly tarball no local data for @emotion/unitless@https://registry.npmjs.org/@emotion/unitless/-/unitless-0.10.0.tgz. Extracting by manifest.
529 silly tarball no local data for @emotion/sheet@https://registry.npmjs.org/@emotion/sheet/-/sheet-1.4.0.tgz. Extracting by manifest.
530 silly tarball no local data for stylis@https://registry.npmjs.org/stylis/-/stylis-4.2.0.tgz. Extracting by manifest.
531 silly tarball no local data for source-map@https://registry.npmjs.org/source-map/-/source-map-0.5.7.tgz. Extracting by manifest.
532 silly tarball no local data for find-root@https://registry.npmjs.org/find-root/-/find-root-1.1.0.tgz. Extracting by manifest.
533 silly tarball no local data for babel-plugin-macros@https://registry.npmjs.org/babel-plugin-macros/-/babel-plugin-macros-3.1.0.tgz. Extracting by manifest.
534 silly tarball no local data for @emotion/memoize@https://registry.npmjs.org/@emotion/memoize/-/memoize-0.9.0.tgz. Extracting by manifest.
535 silly tarball no local data for @emotion/hash@https://registry.npmjs.org/@emotion/hash/-/hash-0.9.2.tgz. Extracting by manifest.
536 silly tarball no local data for regenerator-runtime@https://registry.npmjs.org/regenerator-runtime/-/regenerator-runtime-0.14.1.tgz. Extracting by manifest.
537 silly tarball no local data for hoist-non-react-statics@https://registry.npmjs.org/hoist-non-react-statics/-/hoist-non-react-statics-3.3.2.tgz. Extracting by manifest.
538 silly tarball no local data for @emotion/weak-memoize@https://registry.npmjs.org/@emotion/weak-memoize/-/weak-memoize-0.4.0.tgz. Extracting by manifest.
539 silly tarball no local data for @emotion/utils@https://registry.npmjs.org/@emotion/utils/-/utils-1.4.2.tgz. Extracting by manifest.
540 silly tarball no local data for @emotion/use-insertion-effect-with-fallbacks@https://registry.npmjs.org/@emotion/use-insertion-effect-with-fallbacks/-/use-insertion-effect-with-fallbacks-1.2.0.tgz. Extracting by manifest.
541 silly tarball no local data for @emotion/serialize@https://registry.npmjs.org/@emotion/serialize/-/serialize-1.3.3.tgz. Extracting by manifest.
542 silly tarball no local data for @emotion/cache@https://registry.npmjs.org/@emotion/cache/-/cache-11.14.0.tgz. Extracting by manifest.
543 silly tarball no local data for @emotion/babel-plugin@https://registry.npmjs.org/@emotion/babel-plugin/-/babel-plugin-11.13.5.tgz. Extracting by manifest.
544 silly tarball no local data for @babel/runtime@https://registry.npmjs.org/@babel/runtime/-/runtime-7.26.7.tgz. Extracting by manifest.
545 silly tarball no local data for react-router-dom@https://registry.npmjs.org/react-router-dom/-/react-router-dom-6.28.2.tgz. Extracting by manifest.
546 silly tarball no local data for axios@https://registry.npmjs.org/axios/-/axios-1.7.9.tgz. Extracting by manifest.
547 silly tarball no local data for @react-oauth/google@https://registry.npmjs.org/@react-oauth/google/-/google-0.12.1.tgz. Extracting by manifest.
548 silly tarball no local data for @mui/material@https://registry.npmjs.org/@mui/material/-/material-6.4.1.tgz. Extracting by manifest.
549 silly tarball no local data for @mui/icons-material@https://registry.npmjs.org/@mui/icons-material/-/icons-material-6.4.1.tgz. Extracting by manifest.
550 silly tarball no local data for @emotion/styled@https://registry.npmjs.org/@emotion/styled/-/styled-11.14.0.tgz. Extracting by manifest.
551 silly tarball no local data for @emotion/react@https://registry.npmjs.org/@emotion/react/-/react-11.14.0.tgz. Extracting by manifest.
552 silly tarball no local data for @rollup/rollup-linux-x64-musl@https://registry.npmjs.org/@rollup/rollup-linux-x64-musl/-/rollup-linux-x64-musl-4.32.1.tgz. Extracting by manifest.
553 silly tarball no local data for yaml@https://registry.npmjs.org/yaml/-/yaml-1.10.2.tgz. Extracting by manifest.
554 silly tarball no local data for react-is@https://registry.npmjs.org/react-is/-/react-is-16.13.1.tgz. Extracting by manifest.
555 silly tarball no local data for react-is@https://registry.npmjs.org/react-is/-/react-is-16.13.1.tgz. Extracting by manifest.
556 silly tarball no local data for convert-source-map@https://registry.npmjs.org/convert-source-map/-/convert-source-map-1.9.0.tgz. Extracting by manifest.
557 http fetch POST 200 https://registry.npmjs.org/-/npm/v1/security/advisories/bulk 222ms
558 silly audit report {}
559 http fetch GET 200 https://registry.npmjs.org/path-type/-/path-type-4.0.0.tgz 405ms (cache miss)
560 http fetch GET 200 https://registry.npmjs.org/parse-json/-/parse-json-5.2.0.tgz 623ms (cache miss)
561 http fetch GET 200 https://registry.npmjs.org/is-arrayish/-/is-arrayish-0.2.1.tgz 853ms (cache miss)
562 http fetch GET 200 https://registry.npmjs.org/lines-and-columns/-/lines-and-columns-1.2.4.tgz 867ms (cache miss)
563 http fetch GET 200 https://registry.npmjs.org/error-ex/-/error-ex-1.3.2.tgz 886ms (cache miss)
564 http fetch GET 200 https://registry.npmjs.org/path-parse/-/path-parse-1.0.7.tgz 897ms (cache miss)
565 http fetch GET 200 https://registry.npmjs.org/@types/parse-json/-/parse-json-4.0.2.tgz 884ms (cache miss)
566 http fetch GET 200 https://registry.npmjs.org/delayed-stream/-/delayed-stream-1.0.0.tgz 936ms (cache miss)
567 http fetch GET 200 https://registry.npmjs.org/supports-preserve-symlinks-flag/-/supports-preserve-symlinks-flag-1.0.0.tgz 978ms (cache miss)
568 http fetch GET 200 https://registry.npmjs.org/json-parse-even-better-errors/-/json-parse-even-better-errors-2.3.1.tgz 989ms (cache miss)
569 http fetch GET 200 https://registry.npmjs.org/react-is/-/react-is-19.0.0.tgz 974ms (cache miss)
570 http fetch GET 200 https://registry.npmjs.org/clsx/-/clsx-2.1.1.tgz 972ms (cache miss)
571 http fetch GET 200 https://registry.npmjs.org/babel-plugin-macros/-/babel-plugin-macros-3.1.0.tgz 979ms (cache miss)
572 http fetch GET 200 https://registry.npmjs.org/combined-stream/-/combined-stream-1.0.8.tgz 1021ms (cache miss)
573 http fetch GET 200 https://registry.npmjs.org/@mui/types/-/types-7.2.21.tgz 1005ms (cache miss)
574 http fetch GET 200 https://registry.npmjs.org/@mui/core-downloads-tracker/-/core-downloads-tracker-6.4.1.tgz 1004ms (cache miss)
575 http fetch GET 200 https://registry.npmjs.org/@emotion/memoize/-/memoize-0.9.0.tgz 991ms (cache miss)
576 http fetch GET 200 https://registry.npmjs.org/@types/react-transition-group/-/react-transition-group-4.4.12.tgz 1019ms (cache miss)
577 http fetch GET 200 https://registry.npmjs.org/find-root/-/find-root-1.1.0.tgz 1004ms (cache miss)
578 http fetch GET 200 https://registry.npmjs.org/regenerator-runtime/-/regenerator-runtime-0.14.1.tgz 1018ms (cache miss)
579 http fetch GET 200 https://registry.npmjs.org/react-is/-/react-is-16.13.1.tgz 995ms (cache miss)
580 http fetch GET 200 https://registry.npmjs.org/asynckit/-/asynckit-0.4.0.tgz 1060ms (cache miss)
581 http fetch GET 200 https://registry.npmjs.org/proxy-from-env/-/proxy-from-env-1.1.0.tgz 1056ms (cache miss)
582 http fetch GET 200 https://registry.npmjs.org/@emotion/unitless/-/unitless-0.10.0.tgz 1043ms (cache miss)
583 http fetch GET 200 https://registry.npmjs.org/@emotion/use-insertion-effect-with-fallbacks/-/use-insertion-effect-with-fallbacks-1.2.0.tgz 1027ms (cache miss)
584 http fetch GET 200 https://registry.npmjs.org/convert-source-map/-/convert-source-map-1.9.0.tgz 1008ms (cache miss)
585 http fetch GET 200 https://registry.npmjs.org/@react-oauth/google/-/google-0.12.1.tgz 1035ms (cache miss)
586 http fetch GET 200 https://registry.npmjs.org/is-core-module/-/is-core-module-2.16.1.tgz 1107ms (cache miss)
587 http fetch GET 200 https://registry.npmjs.org/react-is/-/react-is-16.13.1.tgz 1045ms (cache miss)
588 http fetch GET 200 https://registry.npmjs.org/follow-redirects/-/follow-redirects-1.15.9.tgz 1102ms (cache miss)
589 http fetch GET 200 https://registry.npmjs.org/@emotion/is-prop-valid/-/is-prop-valid-1.3.1.tgz 1116ms (cache miss)
590 http fetch GET 200 https://registry.npmjs.org/@emotion/hash/-/hash-0.9.2.tgz 1102ms (cache miss)
591 http fetch GET 200 https://registry.npmjs.org/@emotion/weak-memoize/-/weak-memoize-0.4.0.tgz 1100ms (cache miss)
592 http fetch GET 200 https://registry.npmjs.org/form-data/-/form-data-4.0.1.tgz 1144ms (cache miss)
593 http fetch GET 200 https://registry.npmjs.org/hoist-non-react-statics/-/hoist-non-react-statics-3.3.2.tgz 1114ms (cache miss)
594 http fetch GET 200 https://registry.npmjs.org/@emotion/sheet/-/sheet-1.4.0.tgz 1176ms (cache miss)
595 http fetch GET 200 https://registry.npmjs.org/@emotion/utils/-/utils-1.4.2.tgz 1167ms (cache miss)
596 http fetch GET 200 https://registry.npmjs.org/@emotion/serialize/-/serialize-1.3.3.tgz 1165ms (cache miss)
597 http fetch GET 200 https://registry.npmjs.org/prop-types/-/prop-types-15.8.1.tgz 1315ms (cache miss)
598 http fetch GET 200 https://registry.npmjs.org/stylis/-/stylis-4.2.0.tgz 1345ms (cache miss)
599 http fetch GET 200 https://registry.npmjs.org/@emotion/babel-plugin/-/babel-plugin-11.13.5.tgz 1456ms (cache miss)
600 http fetch GET 200 https://registry.npmjs.org/cosmiconfig/-/cosmiconfig-7.1.0.tgz 1517ms (cache miss)
601 http fetch GET 200 https://registry.npmjs.org/@mui/styled-engine/-/styled-engine-6.4.0.tgz 1525ms (cache miss)
602 http fetch GET 200 https://registry.npmjs.org/@mui/private-theming/-/private-theming-6.4.1.tgz 1551ms (cache miss)
603 http fetch GET 200 https://registry.npmjs.org/source-map/-/source-map-0.5.7.tgz 1597ms (cache miss)
604 http fetch GET 200 https://registry.npmjs.org/@emotion/cache/-/cache-11.14.0.tgz 1608ms (cache miss)
605 http fetch GET 200 https://registry.npmjs.org/react-transition-group/-/react-transition-group-4.4.5.tgz 1727ms (cache miss)
606 http fetch GET 200 https://registry.npmjs.org/react-router-dom/-/react-router-dom-6.28.2.tgz 1738ms (cache miss)
607 http fetch GET 200 https://registry.npmjs.org/react-router/-/react-router-6.28.2.tgz 1855ms (cache miss)
608 http fetch GET 200 https://registry.npmjs.org/@emotion/styled/-/styled-11.14.0.tgz 1807ms (cache miss)
609 http fetch GET 200 https://registry.npmjs.org/yaml/-/yaml-1.10.2.tgz 1871ms (cache miss)
610 http fetch GET 200 https://registry.npmjs.org/@rollup/rollup-linux-x64-musl/-/rollup-linux-x64-musl-4.32.1.tgz 2076ms (cache miss)
611 http fetch GET 200 https://registry.npmjs.org/resolve/-/resolve-1.22.10.tgz 2231ms (cache miss)
612 http fetch GET 200 https://registry.npmjs.org/@remix-run/router/-/router-1.21.1.tgz 2328ms (cache miss)
613 http fetch GET 200 https://registry.npmjs.org/@emotion/react/-/react-11.14.0.tgz 2329ms (cache miss)
614 http fetch GET 200 https://registry.npmjs.org/@babel/runtime/-/runtime-7.26.7.tgz 2395ms (cache miss)
615 http fetch GET 200 https://registry.npmjs.org/axios/-/axios-1.7.9.tgz 2402ms (cache miss)
616 http fetch GET 200 https://registry.npmjs.org/dom-helpers/-/dom-helpers-5.2.1.tgz 2646ms (cache miss)
617 http fetch GET 200 https://registry.npmjs.org/yaml/-/yaml-2.7.0.tgz 2773ms (cache miss)
618 http fetch GET 200 https://registry.npmjs.org/@popperjs/core/-/core-2.11.8.tgz 2813ms (cache miss)
619 http fetch GET 200 https://registry.npmjs.org/@mui/utils/-/utils-6.4.1.tgz 3358ms (cache miss)
620 http fetch GET 200 https://registry.npmjs.org/@mui/system/-/system-6.4.1.tgz 3379ms (cache miss)
621 http fetch GET 200 https://registry.npmjs.org/@mui/material/-/material-6.4.1.tgz 5834ms (cache miss)
622 http fetch GET 200 https://registry.npmjs.org/@mui/icons-material/-/icons-material-6.4.1.tgz 15276ms (cache miss)
623 silly ADD node_modules/yaml
624 silly ADD node_modules/function-bind
625 silly ADD node_modules/hasown
626 silly ADD node_modules/supports-preserve-symlinks-flag
627 silly ADD node_modules/path-parse
628 silly ADD node_modules/is-core-module
629 silly ADD node_modules/dom-helpers
630 silly ADD node_modules/react-router
631 silly ADD node_modules/@remix-run/router
632 silly ADD node_modules/object-assign
633 silly ADD node_modules/is-arrayish
634 silly ADD node_modules/lines-and-columns
635 silly ADD node_modules/json-parse-even-better-errors
636 silly ADD node_modules/error-ex
637 silly ADD node_modules/mime-db
638 silly ADD node_modules/delayed-stream
639 silly ADD node_modules/mime-types
640 silly ADD node_modules/combined-stream
641 silly ADD node_modules/asynckit
642 silly ADD node_modules/path-type
643 silly ADD node_modules/parse-json
644 silly ADD node_modules/@types/parse-json
645 silly ADD node_modules/resolve
646 silly ADD node_modules/cosmiconfig
647 silly ADD node_modules/cosmiconfig/node_modules/yaml
648 silly ADD node_modules/proxy-from-env
649 silly ADD node_modules/form-data
650 silly ADD node_modules/follow-redirects
651 silly ADD node_modules/@mui/styled-engine
652 silly ADD node_modules/@mui/private-theming
653 silly ADD node_modules/react-transition-group
654 silly ADD node_modules/react-is
655 silly ADD node_modules/prop-types
656 silly ADD node_modules/prop-types/node_modules/react-is
657 silly ADD node_modules/clsx
658 silly ADD node_modules/@types/react-transition-group
659 silly ADD node_modules/@popperjs/core
660 silly ADD node_modules/@mui/utils
661 silly ADD node_modules/@mui/types
662 silly ADD node_modules/@mui/system
663 silly ADD node_modules/@mui/core-downloads-tracker
664 silly ADD node_modules/@emotion/is-prop-valid
665 silly ADD node_modules/@emotion/unitless
666 silly ADD node_modules/@emotion/sheet
667 silly ADD node_modules/stylis
668 silly ADD node_modules/source-map
669 silly ADD node_modules/find-root
670 silly ADD node_modules/babel-plugin-macros
671 silly ADD node_modules/@emotion/memoize
672 silly ADD node_modules/@emotion/hash
673 silly ADD node_modules/regenerator-runtime
674 silly ADD node_modules/hoist-non-react-statics
675 silly ADD node_modules/hoist-non-react-statics/node_modules/react-is
676 silly ADD node_modules/@emotion/weak-memoize
677 silly ADD node_modules/@emotion/utils
678 silly ADD node_modules/@emotion/use-insertion-effect-with-fallbacks
679 silly ADD node_modules/@emotion/serialize
680 silly ADD node_modules/@emotion/cache
681 silly ADD node_modules/@emotion/babel-plugin
682 silly ADD node_modules/@emotion/babel-plugin/node_modules/convert-source-map
683 silly ADD node_modules/@babel/runtime
684 silly ADD node_modules/react-router-dom
685 silly ADD node_modules/axios
686 silly ADD node_modules/@react-oauth/google
687 silly ADD node_modules/@mui/material
688 silly ADD node_modules/@mui/icons-material
689 silly ADD node_modules/@emotion/styled
690 silly ADD node_modules/@emotion/react
691 silly ADD
692 silly ADD
693 silly ADD
694 silly ADD
695 silly ADD node_modules/@rollup/rollup-linux-x64-musl
696 silly ADD
697 silly ADD
698 silly ADD
699 silly ADD
700 silly ADD
701 silly ADD
702 silly ADD
703 silly ADD
704 silly ADD
705 silly ADD
706 silly ADD
707 silly ADD
708 silly ADD
709 silly ADD
710 silly ADD
711 silly ADD
712 silly ADD
713 silly ADD
714 silly ADD
715 silly ADD
716 silly ADD
717 silly ADD
718 silly ADD
719 silly ADD
720 silly ADD
721 silly ADD
722 silly ADD
723 silly ADD
724 silly ADD
725 silly ADD
726 silly ADD
727 silly ADD
728 silly ADD
729 silly ADD
730 silly ADD
731 silly ADD
732 silly ADD
733 silly ADD
734 verbose cwd /home/iskender.cevik/chatbot-project/frontend
735 verbose os Linux 6.1.0-29-cloud-amd64
736 verbose node v18.20.6
737 verbose npm  v10.8.2
738 verbose exit 0
739 info ok
